#
# There is insufficient memory for the Java Runtime Environment to continue.
# Native memory allocation (malloc) failed to allocate 32744 bytes. Error detail: Chunk::new
# Possible reasons:
#   The system is out of physical RAM or swap space
#   This process is running with CompressedOops enabled, and the Java Heap may be blocking the growth of the native heap
# Possible solutions:
#   Reduce memory load on the system
#   Increase physical memory or swap space
#   Check if swap backing store is full
#   Decrease Java heap size (-Xmx/-Xms)
#   Decrease number of Java threads
#   Decrease Java thread stack sizes (-Xss)
#   Set larger code cache with -XX:ReservedCodeCacheSize=
#   JVM is running with Zero Based Compressed Oops mode in which the Java heap is
#     placed in the first 32GB address space. The Java Heap base address is the
#     maximum limit for the native heap growth. Please use -XX:HeapBaseMinAddress
#     to set the Java Heap base and to place the Java Heap above 32GB virtual address.
# This output file may be truncated or incomplete.
#
#  Out of Memory Error (arena.cpp:149), pid=30604, tid=53904
#
# JRE version: Java(TM) SE Runtime Environment (23.0.1+11) (build 23.0.1+11-39)
# Java VM: Java HotSpot(TM) 64-Bit Server VM (23.0.1+11-39, mixed mode, sharing, tiered, compressed oops, compressed class ptrs, g1 gc, windows-amd64)
# No core dump will be written. Minidumps are not enabled by default on client versions of Windows
#

---------------  S U M M A R Y ------------

Command Line: -Dclassworlds.conf=C:\PROGRA~1\Apache\apache-maven-3.9.9\bin\m2.conf -Dmaven.home=C:\PROGRA~1\Apache\apache-maven-3.9.9 -Dlibrary.jansi.path=C:\PROGRA~1\Apache\apache-maven-3.9.9\lib\jansi-native -Dmaven.multiModuleProjectDirectory=D:\Khaled\Me\Projects\servicediscovery org.codehaus.plexus.classworlds.launcher.Launcher clean install

Host: 11th Gen Intel(R) Core(TM) i7-1165G7 @ 2.80GHz, 8 cores, 15G,  Windows 11 , 64 bit Build 22621 (10.0.22621.3958)
Time: Sun Dec 29 23:36:12 2024 Egypt Standard Time elapsed time: 0.395780 seconds (0d 0h 0m 0s)

---------------  T H R E A D  ---------------

Current thread (0x000001adbfc5b8b0):  JavaThread "main"             [_thread_in_vm, id=53904, stack(0x000000187a200000,0x000000187a300000) (1024K)]

Stack: [0x000000187a200000,0x000000187a300000]
Native frames: (J=compiled Java code, j=interpreted, Vv=VM code, C=native code)
V  [jvm.dll+0x6e08b9]  (no source info available)
V  [jvm.dll+0x87dc83]  (no source info available)
V  [jvm.dll+0x88010e]  (no source info available)
V  [jvm.dll+0x8807e3]  (no source info available)
V  [jvm.dll+0x27aee6]  (no source info available)
V  [jvm.dll+0xbc06f]  (no source info available)
V  [jvm.dll+0xbc2cb]  (no source info available)
V  [jvm.dll+0x21001f]  (no source info available)
V  [jvm.dll+0x212e28]  (no source info available)
V  [jvm.dll+0x20811e]  (no source info available)
V  [jvm.dll+0x5be6df]  (no source info available)
V  [jvm.dll+0x7f3ad6]  (no source info available)
V  [jvm.dll+0x475cf6]  (no source info available)
V  [jvm.dll+0x47bb98]  (no source info available)
C  [java.dll+0x17d4]  (no source info available)

Java frames: (J=compiled Java code, j=interpreted, Vv=VM code)
J 519  java.lang.ClassLoader.defineClass1(Ljava/lang/ClassLoader;Ljava/lang/String;[BIILjava/security/ProtectionDomain;Ljava/lang/String;)Ljava/lang/Class; java.base@23.0.1 (0 bytes) @ 0x000001adcfe392e1 [0x000001adcfe39220+0x00000000000000c1]
j  java.lang.ClassLoader.defineClass(Ljava/lang/String;[BIILjava/security/ProtectionDomain;)Ljava/lang/Class;+27 java.base@23.0.1
j  java.security.SecureClassLoader.defineClass(Ljava/lang/String;[BIILjava/security/CodeSource;)Ljava/lang/Class;+12 java.base@23.0.1
j  java.net.URLClassLoader.defineClass(Ljava/lang/String;Ljdk/internal/loader/Resource;)Ljava/lang/Class;+220 java.base@23.0.1
j  java.net.URLClassLoader$1.run()Ljava/lang/Class;+43 java.base@23.0.1
j  java.net.URLClassLoader$1.run()Ljava/lang/Object;+1 java.base@23.0.1
J 580 c1 java.security.AccessController.executePrivileged(Ljava/security/PrivilegedExceptionAction;Ljava/security/AccessControlContext;Ljava/lang/Class;)Ljava/lang/Object; java.base@23.0.1 (69 bytes) @ 0x000001adc83f4bc4 [0x000001adc83f4a60+0x0000000000000164]
j  java.security.AccessController.doPrivileged(Ljava/security/PrivilegedExceptionAction;Ljava/security/AccessControlContext;)Ljava/lang/Object;+13 java.base@23.0.1
j  java.net.URLClassLoader.findClass(Ljava/lang/String;)Ljava/lang/Class;+13 java.base@23.0.1
j  org.codehaus.plexus.classworlds.realm.ClassRealm.findClassInternal(Ljava/lang/String;)Ljava/lang/Class;+2
j  org.codehaus.plexus.classworlds.realm.ClassRealm.loadClassFromSelf(Ljava/lang/String;)Ljava/lang/Class;+20
j  org.codehaus.plexus.classworlds.strategy.SelfFirstStrategy.loadClass(Ljava/lang/String;)Ljava/lang/Class;+18
J 576 c1 org.codehaus.plexus.classworlds.realm.ClassRealm.loadClass(Ljava/lang/String;Z)Ljava/lang/Class; (33 bytes) @ 0x000001adc83f3264 [0x000001adc83f30e0+0x0000000000000184]
J 575 c1 org.codehaus.plexus.classworlds.realm.ClassRealm.loadClass(Ljava/lang/String;)Ljava/lang/Class; (7 bytes) @ 0x000001adc83f2e24 [0x000001adc83f2d20+0x0000000000000104]
v  ~StubRoutines::call_stub 0x000001adcf880fcd
j  java.lang.Class.getDeclaredMethods0(Z)[Ljava/lang/reflect/Method;+0 java.base@23.0.1
j  java.lang.Class.privateGetDeclaredMethods(Z)[Ljava/lang/reflect/Method;+34 java.base@23.0.1
j  java.lang.Class.getMethodsRecursive(Ljava/lang/String;[Ljava/lang/Class;ZZ)Ljava/lang/PublicMethods$MethodList;+3 java.base@23.0.1
j  java.lang.Class.getMethod0(Ljava/lang/String;[Ljava/lang/Class;)Ljava/lang/reflect/Method;+15 java.base@23.0.1
j  java.lang.Class.getMethod(Ljava/lang/String;[Ljava/lang/Class;)Ljava/lang/reflect/Method;+26 java.base@23.0.1
j  org.eclipse.sisu.bean.BeanScheduler.<clinit>()V+34
v  ~StubRoutines::call_stub 0x000001adcf880fcd
j  org.codehaus.plexus.DefaultPlexusContainer.<init>(Lorg/codehaus/plexus/ContainerConfiguration;[Lcom/google/inject/Module;)V+238
j  org.apache.maven.cli.MavenCli.container(Lorg/apache/maven/cli/CliRequest;)Lorg/codehaus/plexus/PlexusContainer;+279
j  org.apache.maven.cli.MavenCli.doMain(Lorg/apache/maven/cli/CliRequest;)I+34
j  org.apache.maven.cli.MavenCli.main([Ljava/lang/String;Lorg/codehaus/plexus/classworlds/ClassWorld;)I+24
j  java.lang.invoke.DirectMethodHandle$Holder.invokeStatic(Ljava/lang/Object;Ljava/lang/Object;Ljava/lang/Object;)I+11 java.base@23.0.1
j  java.lang.invoke.LambdaForm$MH+0x000001ade1009400.invoke(Ljava/lang/Object;Ljava/lang/Object;Ljava/lang/Object;Ljava/lang/Object;)Ljava/lang/Object;+54 java.base@23.0.1
j  java.lang.invoke.LambdaForm$MH+0x000001ade1009800.invokeExact_MT(Ljava/lang/Object;Ljava/lang/Object;Ljava/lang/Object;Ljava/lang/Object;Ljava/lang/Object;)Ljava/lang/Object;+22 java.base@23.0.1
j  jdk.internal.reflect.DirectMethodHandleAccessor.invokeImpl(Ljava/lang/Object;[Ljava/lang/Object;)Ljava/lang/Object;+72 java.base@23.0.1
j  jdk.internal.reflect.DirectMethodHandleAccessor.invoke(Ljava/lang/Object;[Ljava/lang/Object;)Ljava/lang/Object;+23 java.base@23.0.1
j  java.lang.reflect.Method.invoke(Ljava/lang/Object;[Ljava/lang/Object;)Ljava/lang/Object;+102 java.base@23.0.1
j  org.codehaus.plexus.classworlds.launcher.Launcher.launchEnhanced([Ljava/lang/String;)V+45
j  org.codehaus.plexus.classworlds.launcher.Launcher.launch([Ljava/lang/String;)V+2
j  org.codehaus.plexus.classworlds.launcher.Launcher.mainWithExitCode([Ljava/lang/String;)I+108
j  org.codehaus.plexus.classworlds.launcher.Launcher.main([Ljava/lang/String;)V+1
v  ~StubRoutines::call_stub 0x000001adcf880fcd
Lock stack of current Java thread (top to bottom):
LockStack[0]: java.lang.Object 
{0x00000007141db6e0} - klass: 'java/lang/Object'
 - ---- fields (total size 2 words):


Compiled method (n/a) 422  519     n 0       java.lang.ClassLoader::defineClass1 (native)
 total in heap  [0x000001adcfe39108,0x000001adcfe397c0] = 1720
 relocation     [0x000001adcfe391e0,0x000001adcfe39220] = 64
 main code      [0x000001adcfe39220,0x000001adcfe397bf] = 1439
 stub code      [0x000001adcfe397bf,0x000001adcfe397c0] = 1

[Constant Pool (empty)]

[MachCode]
[Entry Point]
  # {method} {0x000001ade0478b70} 'defineClass1' '(Ljava/lang/ClassLoader;Ljava/lang/String;[BIILjava/security/ProtectionDomain;Ljava/lang/String;)Ljava/lang/Class;' in 'java/lang/ClassLoader'
  # parm0:    rdx:rdx   = 'java/lang/ClassLoader'
  # parm1:    r8:r8     = 'java/lang/String'
  # parm2:    r9:r9     = '[B'
  # parm3:    rdi       = int
  # parm4:    rsi       = int
  # parm5:    rcx:rcx   = 'java/security/ProtectionDomain'
  # parm6:    [sp+0xa0]   = 'java/lang/String'  (sp of caller)
  0x000001adcfe39220: 6690 448b | 5208 443b 

  0x000001adcfe39228: ;   {runtime_call ic_miss_stub}
  0x000001adcfe39228: 5008 0f85 | b054 a9ff 
[Verified Entry Point]
  0x000001adcfe39230: 8984 2400 | 80ff ff55 | 488b ec48 | 81ec 9000 | 0000 6690 | 4181 7f20 | 0100 0000 

  0x000001adcfe3924c: ;   {runtime_call StubRoutines (final stubs)}
  0x000001adcfe3924c: 7405 e80d | 11a8 ff48 | 837d 1000 | 488d 4510 | 480f 4445 | 1048 8944 | 2440 4889 | 4c24 7048 
  0x000001adcfe3926c: 83f9 0048 | 8d44 2470 | 480f 4444 | 2470 4889 | 4424 3848 | 8974 2430 | 4889 7c24 | 284c 894c 
  0x000001adcfe3928c: 2458 4983 | f900 488d | 4424 5848 | 0f44 4424 | 5848 8944 | 2420 4c89 | 4424 5049 | 83f8 004c 
  0x000001adcfe392ac: 8d4c 2450 | 4c0f 444c | 2450 4889 | 5424 4848 | 83fa 004c | 8d44 2448 | 4c0f 4444 

  0x000001adcfe392c8: ;   {oop(a 'java/lang/Class'{0x0000000714801478} = 'java/lang/ClassLoader')}
  0x000001adcfe392c8: 2448 49be | 7814 8014 | 0700 0000 | 4c89 7424 | 784c 8d74 | 2478 498b | d6c5 f877 

  0x000001adcfe392e4: ;   {internal_word}
  0x000001adcfe392e4: 49ba e192 | e3cf ad01 | 0000 4d89 | 97a8 0300 | 0049 89a7 | a003 0000 

  0x000001adcfe392fc: ;   {external_word}
  0x000001adcfe392fc: 49ba 41ad | fd70 ff7f | 0000 4180 | 3a00 0f84 | 4e00 0000 | 5241 5041 

  0x000001adcfe39314: ;   {metadata({method} {0x000001ade0478b70} 'defineClass1' '(Ljava/lang/ClassLoader;Ljava/lang/String;[BIILjava/security/ProtectionDomain;Ljava/lang/String;)Ljava/lang/Class;' in 'java/lang/ClassLoader')}
  0x000001adcfe39314: 5148 ba68 | 8b47 e0ad | 0100 0049 | 8bcf 4883 | ec20 40f6 | c40f 0f84 | 1900 0000 | 4883 ec08 
  0x000001adcfe39334: ;   {runtime_call}
  0x000001adcfe39334: 48b8 10ee | ad70 ff7f | 0000 ffd0 | 4883 c408 | e90c 0000 

  0x000001adcfe39348: ;   {runtime_call}
  0x000001adcfe39348: 0048 b810 | eead 70ff | 7f00 00ff | d048 83c4 | 2041 5941 | 585a 498d | 8fc0 0300 | 0041 c787 
  0x000001adcfe39368: 4404 0000 | 0400 0000 

  0x000001adcfe39370: ;   {runtime_call}
  0x000001adcfe39370: 48b8 9416 | 0fcc ff7f | 0000 ffd0 | c5f8 7741 | c787 4404 | 0000 0500 | 0000 f083 | 4424 c000 
  0x000001adcfe39390: 493b af48 | 0400 000f | 870e 0000 | 0041 83bf | 4004 0000 | 000f 842b | 0000 00c5 | f877 4889 
  0x000001adcfe393b0: 45f8 498b | cf4c 8be4 | 4883 ec20 | 4883 e4f0 

  0x000001adcfe393c0: ;   {runtime_call}
  0x000001adcfe393c0: 48b8 90a9 | 7770 ff7f | 0000 ffd0 | 498b e44d | 33e4 488b | 45f8 41c7 | 8744 0400 | 0008 0000 
  0x000001adcfe393e0: 0041 83bf | c804 0000 | 020f 84a3 

  0x000001adcfe393ec: ;   {external_word}
  0x000001adcfe393ec: 0300 0049 | ba41 adfd | 70ff 7f00 | 0041 803a | 000f 844c | 0000 0048 

  0x000001adcfe39404: ;   {metadata({method} {0x000001ade0478b70} 'defineClass1' '(Ljava/lang/ClassLoader;Ljava/lang/String;[BIILjava/security/ProtectionDomain;Ljava/lang/String;)Ljava/lang/Class;' in 'java/lang/ClassLoader')}
  0x000001adcfe39404: 8945 f848 | ba68 8b47 | e0ad 0100 | 0049 8bcf | 4883 ec20 | 40f6 c40f | 0f84 1900 | 0000 4883 
  0x000001adcfe39424: ;   {runtime_call}
  0x000001adcfe39424: ec08 48b8 | 10ee ad70 | ff7f 0000 | ffd0 4883 | c408 e90c 

  0x000001adcfe39438: ;   {runtime_call}
  0x000001adcfe39438: 0000 0048 | b810 eead | 70ff 7f00 | 00ff d048 | 83c4 2048 | 8b45 f849 | c787 a003 | 0000 0000 
  0x000001adcfe39458: 0000 49c7 | 87a8 0300 | 0000 0000 | 00c5 f877 | 4885 c00f | 84fe 0200 | 00a8 030f | 8508 0000 
  0x000001adcfe39478: 0048 8b00 | e9ee 0200 | 00a8 010f | 8509 0000 | 0048 8b40 | fee9 dd02 | 0000 488b | 40ff 4180 
  0x000001adcfe39498: 7f38 000f | 84ce 0200 | 0048 83f8 | 000f 84c4 | 0200 0049 | 8b4f 2848 | 83f9 000f | 8414 0000 
  0x000001adcfe394b8: 0048 83e9 | 0849 894f | 2849 034f | 3048 8901 | e9a2 0200 | 0048 81ec | 5001 0000 | 4889 0424 
  0x000001adcfe394d8: 4889 4c24 | 0848 8954 | 2410 4889 | 7424 1848 | 897c 2420 | 4c89 4424 | 284c 894c | 2430 4c89 
  0x000001adcfe394f8: 5424 384c | 895c 2440 | c5fb 1144 | 2450 c5fb | 114c 2458 | c5fb 1154 | 2460 c5fb | 115c 2468 
  0x000001adcfe39518: c5fb 1164 | 2470 c5fb | 116c 2478 | c5fb 11b4 | 2480 0000 | 00c5 fb11 | bc24 8800 | 0000 c57b 
  0x000001adcfe39538: ;   {no_reloc}
  0x000001adcfe39538: 1184 2490 | 0000 00c5 | 7b11 8c24 | 9800 0000 | c57b 1194 | 24a0 0000 | 00c5 7b11 | 9c24 a800 
  0x000001adcfe39558: 0000 c57b | 11a4 24b0 | 0000 00c5 | 7b11 ac24 | b800 0000 | c57b 11b4 | 24c0 0000 | 00c5 7b11 
  0x000001adcfe39578: bc24 c800 | 0000 62e1 | ff08 1144 | 241a 62e1 | ff08 114c | 241b 62e1 | ff08 1154 | 241c 62e1 
  0x000001adcfe39598: ff08 115c | 241d 62e1 | ff08 1164 | 241e 62e1 | ff08 116c | 241f 62e1 | ff08 1174 | 2420 62e1 
  0x000001adcfe395b8: ff08 117c | 2421 6261 | ff08 1144 | 2422 6261 | ff08 114c | 2423 6261 | ff08 1154 | 2424 6261 
  0x000001adcfe395d8: ff08 115c | 2425 6261 | ff08 1164 | 2426 6261 | ff08 116c | 2427 6261 | ff08 1174 | 2428 6261 
  0x000001adcfe395f8: ff08 117c | 2429 498b | d748 8bc8 | 4883 ec20 | 40f6 c40f | 0f84 1900 | 0000 4883 

  0x000001adcfe39614: ;   {runtime_call}
  0x000001adcfe39614: ec08 48b8 | e007 6b70 | ff7f 0000 | ffd0 4883 | c408 e90c 

  0x000001adcfe39628: ;   {runtime_call}
  0x000001adcfe39628: 0000 0048 | b8e0 076b | 70ff 7f00 | 00ff d048 | 83c4 2062 | 61ff 0810 | 7c24 2962 | 61ff 0810 
  0x000001adcfe39648: 7424 2862 | 61ff 0810 | 6c24 2762 | 61ff 0810 | 6424 2662 | 61ff 0810 | 5c24 2562 | 61ff 0810 
  0x000001adcfe39668: 5424 2462 | 61ff 0810 | 4c24 2362 | 61ff 0810 | 4424 2262 | e1ff 0810 | 7c24 2162 | e1ff 0810 
  0x000001adcfe39688: 7424 2062 | e1ff 0810 | 6c24 1f62 | e1ff 0810 | 6424 1e62 | e1ff 0810 | 5c24 1d62 | e1ff 0810 
  0x000001adcfe396a8: 5424 1c62 | e1ff 0810 | 4c24 1b62 | e1ff 0810 | 4424 1ac5 | 7b10 bc24 | c800 0000 | c57b 10b4 
  0x000001adcfe396c8: 24c0 0000 | 00c5 7b10 | ac24 b800 | 0000 c57b | 10a4 24b0 | 0000 00c5 | 7b10 9c24 | a800 0000 
  0x000001adcfe396e8: c57b 1094 | 24a0 0000 | 00c5 7b10 | 8c24 9800 | 0000 c57b | 1084 2490 | 0000 00c5 | fb10 bc24 
  0x000001adcfe39708: 8800 0000 | c5fb 10b4 | 2480 0000 | 00c5 fb10 | 6c24 78c5 | fb10 6424 | 70c5 fb10 | 5c24 68c5 
  0x000001adcfe39728: ;   {no_reloc}
  0x000001adcfe39728: fb10 5424 | 60c5 fb10 | 4c24 58c5 | fb10 4424 | 504c 8b5c | 2440 4c8b | 5424 384c | 8b4c 2430 
  0x000001adcfe39748: 4c8b 4424 | 2848 8b7c | 2420 488b | 7424 1848 | 8b54 2410 | 488b 4c24 | 0848 8b04 | 2448 81c4 
  0x000001adcfe39768: 5001 0000 | c5f8 7749 | 8b8f 3004 | 0000 c781 | 0001 0000 | 0000 0000 | c949 837f | 0800 0f85 
  0x000001adcfe39788: 0100 0000 

  0x000001adcfe3978c: ;   {runtime_call StubRoutines (initial stubs)}
  0x000001adcfe3978c: c3e9 2e77 | a4ff c5f8 | 7748 8945 | f84c 8be4 | 4883 ec20 | 4883 e4f0 

  0x000001adcfe397a4: ;   {runtime_call}
  0x000001adcfe397a4: 48b8 c022 | ae70 ff7f | 0000 ffd0 | 498b e44d | 33e4 488b | 45f8 e930 | fcff fff4 
[/MachCode]


Compiled method (c1) 430  580       3       java.security.AccessController::executePrivileged (69 bytes)
 total in heap  [0x000001adc83f4908,0x000001adc83f4d98] = 1168
 relocation     [0x000001adc83f49e0,0x000001adc83f4a50] = 112
 main code      [0x000001adc83f4a60,0x000001adc83f4d30] = 720
 stub code      [0x000001adc83f4d30,0x000001adc83f4d88] = 88
 metadata       [0x000001adc83f4d88,0x000001adc83f4d98] = 16
 immutable data [0x000001addf940450,0x000001addf940580] = 304
 dependencies   [0x000001addf940450,0x000001addf940458] = 8
 nul chk table  [0x000001addf940458,0x000001addf940468] = 16
 scopes pcs     [0x000001addf940468,0x000001addf9404f8] = 144
 scopes data    [0x000001addf9404f8,0x000001addf940580] = 136

[Constant Pool (empty)]

[MachCode]
[Verified Entry Point]
  # {method} {0x000001ade049b270} 'executePrivileged' '(Ljava/security/PrivilegedExceptionAction;Ljava/security/AccessControlContext;Ljava/lang/Class;)Ljava/lang/Object;' in 'java/security/AccessController'
  # parm0:    rdx:rdx   = 'java/security/PrivilegedExceptionAction'
  # parm1:    r8:r8     = 'java/security/AccessControlContext'
  # parm2:    r9:r9     = 'java/lang/Class'
  #           [sp+0x60]  (sp of caller)
  0x000001adc83f4a60: 8984 2400 | 80ff ff55 | 4883 ec50 | 4181 7f20 | 0100 0000 

  0x000001adc83f4a74: ;   {runtime_call StubRoutines (final stubs)}
  0x000001adc83f4a74: 7405 e8e5 | 584c 074c | 8944 2430 | 4c89 4c24 

  0x000001adc83f4a84: ;   {metadata(method data for {method} {0x000001ade049b270} 'executePrivileged' '(Ljava/security/PrivilegedExceptionAction;Ljava/security/AccessControlContext;Ljava/lang/Class;)Ljava/lang/Object;' in 'java/security/AccessController')}
  0x000001adc83f4a84: 2848 be58 | 6212 21ae | 0100 008b | becc 0000 | 0083 c702 | 89be cc00 | 0000 81e7 | fe07 0000 
  0x000001adc83f4aa4: 85ff 0f84 | e201 0000 

  0x000001adc83f4aac: ;   {metadata(method data for {method} {0x000001ade049b270} 'executePrivileged' '(Ljava/security/PrivilegedExceptionAction;Ljava/security/AccessControlContext;Ljava/lang/Class;)Ljava/lang/Object;' in 'java/security/AccessController')}
  0x000001adc83f4aac: 4d85 c048 | be58 6212 | 21ae 0100 | 00bf 1801 | 0000 7405 | bf28 0100 | 0048 8b1c | 3e48 8d5b 
  0x000001adc83f4acc: 0148 891c | 3e48 8954 | 2420 0f84 | 2800 0000 

  0x000001adc83f4adc: ;   {metadata(method data for {method} {0x000001ade049b270} 'executePrivileged' '(Ljava/security/PrivilegedExceptionAction;Ljava/security/AccessControlContext;Ljava/lang/Class;)Ljava/lang/Object;' in 'java/security/AccessController')}
  0x000001adc83f4adc: 48be 5862 | 1221 ae01 | 0000 4883 | 8638 0100 | 0001 498b | d066 0f1f 

  0x000001adc83f4af4: ;   {static_call}
  0x000001adc83f4af4: 4400 00e8 

  0x000001adc83f4af8: ; ImmutableOopMap {[32]=Oop [40]=Oop [48]=Oop }
                      ;*invokestatic ensureMaterializedForStackWalk {reexecute=0 rethrow=0 return_oop=0}
                      ; - java.security.AccessController::executePrivileged@5 (line 812)
  0x000001adc83f4af8: 34cd a207 

  0x000001adc83f4afc: ;   {other}
  0x000001adc83f4afc: 0f1f 8400 | f401 0000 

  0x000001adc83f4b04: ;   {metadata(method data for {method} {0x000001ade049b270} 'executePrivileged' '(Ljava/security/PrivilegedExceptionAction;Ljava/security/AccessControlContext;Ljava/lang/Class;)Ljava/lang/Object;' in 'java/security/AccessController')}
  0x000001adc83f4b04: 48ba 5862 | 1221 ae01 | 0000 ff82 | 4801 0000 | 488b 5424 | 2048 3b02 

  0x000001adc83f4b1c: ;   {metadata(method data for {method} {0x000001ade049b270} 'executePrivileged' '(Ljava/security/PrivilegedExceptionAction;Ljava/security/AccessControlContext;Ljava/lang/Class;)Ljava/lang/Object;' in 'java/security/AccessController')}
  0x000001adc83f4b1c: 488b f248 | bf58 6212 | 21ae 0100 | 008b 7608 | 49ba 0000 | 00e0 ad01 | 0000 4903 | f248 3bb7 
  0x000001adc83f4b3c: b001 0000 | 750d 4883 | 87b8 0100 | 0001 e960 | 0000 0048 | 3bb7 c001 | 0000 750d | 4883 87c8 
  0x000001adc83f4b5c: 0100 0001 | e94a 0000 | 0048 83bf | b001 0000 | 0075 1748 | 89b7 b001 | 0000 48c7 | 87b8 0100 
  0x000001adc83f4b7c: 0001 0000 | 00e9 2900 | 0000 4883 | bfc0 0100 | 0000 7517 | 4889 b7c0 | 0100 0048 | c787 c801 
  0x000001adc83f4b9c: 0000 0100 | 0000 e908 | 0000 0048 | 8387 a801 | 0000 0166 | 0f1f 4400 | 0048 b870 | 778d dfad 
  0x000001adc83f4bbc: ;   {virtual_call}
  0x000001adc83f4bbc: 0100 00e8 

  0x000001adc83f4bc0: ; ImmutableOopMap {[40]=Oop [48]=Oop }
                      ;*invokeinterface run {reexecute=0 rethrow=0 return_oop=0}
                      ; - java.security.AccessController::executePrivileged@29 (line 816)
  0x000001adc83f4bc0: dc6f 5b07 

  0x000001adc83f4bc4: ;   {other}
  0x000001adc83f4bc4: 0f1f 8400 | bc02 0001 

  0x000001adc83f4bcc: ;   {metadata(method data for {method} {0x000001ade049b270} 'executePrivileged' '(Ljava/security/PrivilegedExceptionAction;Ljava/security/AccessControlContext;Ljava/lang/Class;)Ljava/lang/Object;' in 'java/security/AccessController')}
  0x000001adc83f4bcc: 48ba 5862 | 1221 ae01 | 0000 ff82 | d801 0000 

  0x000001adc83f4bdc: ;   {metadata(method data for {method} {0x000001ade049b270} 'executePrivileged' '(Ljava/security/PrivilegedExceptionAction;Ljava/security/AccessControlContext;Ljava/lang/Class;)Ljava/lang/Object;' in 'java/security/AccessController')}
  0x000001adc83f4bdc: 48ba 5862 | 1221 ae01 | 0000 4883 | 8238 0200 | 0001 488b | d048 8944 

  0x000001adc83f4bf4: ;   {static_call}
  0x000001adc83f4bf4: 2438 90e8 

  0x000001adc83f4bf8: ; ImmutableOopMap {[40]=Oop [48]=Oop [56]=Oop }
                      ;*invokestatic ensureMaterializedForStackWalk {reexecute=0 rethrow=0 return_oop=0}
                      ; - java.security.AccessController::executePrivileged@56 (line 824)
  0x000001adc83f4bf8: 34cc a207 

  0x000001adc83f4bfc: ;   {other}
  0x000001adc83f4bfc: 0f1f 8400 | f402 0002 

  0x000001adc83f4c04: ;   {metadata(method data for {method} {0x000001ade049b270} 'executePrivileged' '(Ljava/security/PrivilegedExceptionAction;Ljava/security/AccessControlContext;Ljava/lang/Class;)Ljava/lang/Object;' in 'java/security/AccessController')}
  0x000001adc83f4c04: 48b8 5862 | 1221 ae01 | 0000 4883 | 8048 0200 

  0x000001adc83f4c14: ;   {metadata(method data for {method} {0x000001ade01957a0} 'reachabilityFence' '(Ljava/lang/Object;)V' in 'java/lang/ref/Reference')}
  0x000001adc83f4c14: 0001 48b8 | 88a3 0821 | ae01 0000 | 8bb0 cc00 | 0000 83c6 | 0289 b0cc | 0000 0081 | e6fe ff1f 
  0x000001adc83f4c34: 0085 f60f | 8477 0000 

  0x000001adc83f4c3c: ;   {metadata(method data for {method} {0x000001ade049b270} 'executePrivileged' '(Ljava/security/PrivilegedExceptionAction;Ljava/security/AccessControlContext;Ljava/lang/Class;)Ljava/lang/Object;' in 'java/security/AccessController')}
  0x000001adc83f4c3c: 0048 b858 | 6212 21ae | 0100 0048 | 8380 5802 

  0x000001adc83f4c4c: ;   {metadata(method data for {method} {0x000001ade01957a0} 'reachabilityFence' '(Ljava/lang/Object;)V' in 'java/lang/ref/Reference')}
  0x000001adc83f4c4c: 0000 0148 | b888 a308 | 21ae 0100 | 008b b0cc | 0000 0083 | c602 89b0 | cc00 0000 | 81e6 feff 
  0x000001adc83f4c6c: 1f00 85f6 | 0f84 5f00 | 0000 488b | 4424 3848 | 83c4 505d 

  0x000001adc83f4c80: ;   {poll_return}
  0x000001adc83f4c80: 493b a748 | 0400 000f | 8766 0000 

  0x000001adc83f4c8c: ;   {metadata({method} {0x000001ade049b270} 'executePrivileged' '(Ljava/security/PrivilegedExceptionAction;Ljava/security/AccessControlContext;Ljava/lang/Class;)Ljava/lang/Object;' in 'java/security/AccessController')}
  0x000001adc83f4c8c: 00c3 49ba | 68b2 49e0 | ad01 0000 | 4c89 5424 | 0848 c704 | 24ff ffff 

  0x000001adc83f4ca4: ;   {runtime_call counter_overflow Runtime1 stub}
  0x000001adc83f4ca4: ffe8 b659 

  0x000001adc83f4ca8: ; ImmutableOopMap {rdx=Oop r8=Oop r9=Oop [40]=Oop [48]=Oop }
                      ;*synchronization entry
                      ; - java.security.AccessController::executePrivileged@-1 (line 811)
  0x000001adc83f4ca8: 5b07 e9fd 

  0x000001adc83f4cac: ;   {runtime_call throw_null_pointer_exception Runtime1 stub}
  0x000001adc83f4cac: fdff ffe8 

  0x000001adc83f4cb0: ; ImmutableOopMap {rdx=Oop [40]=Oop [48]=Oop }
                      ;*invokeinterface run {reexecute=0 rethrow=0 return_oop=0}
                      ; - java.security.AccessController::executePrivileged@29 (line 816)
  0x000001adc83f4cb0: 2cfb 5a07 

  0x000001adc83f4cb4: ;   {metadata({method} {0x000001ade01957a0} 'reachabilityFence' '(Ljava/lang/Object;)V' in 'java/lang/ref/Reference')}
  0x000001adc83f4cb4: 49ba 9857 | 19e0 ad01 | 0000 4c89 | 5424 0848 | c704 24ff 

  0x000001adc83f4cc8: ;   {runtime_call counter_overflow Runtime1 stub}
  0x000001adc83f4cc8: ffff ffe8 

  0x000001adc83f4ccc: ; ImmutableOopMap {[40]=Oop [56]=Oop }
                      ;*synchronization entry
                      ; - java.lang.ref.Reference::reachabilityFence@-1 (line 661)
                      ; - java.security.AccessController::executePrivileged@60 (line 828)
  0x000001adc83f4ccc: 9059 5b07 | e968 ffff 

  0x000001adc83f4cd4: ;   {metadata({method} {0x000001ade01957a0} 'reachabilityFence' '(Ljava/lang/Object;)V' in 'java/lang/ref/Reference')}
  0x000001adc83f4cd4: ff49 ba98 | 5719 e0ad | 0100 004c | 8954 2408 | 48c7 0424 | ffff ffff 

  0x000001adc83f4cec: ;   {runtime_call counter_overflow Runtime1 stub}
  0x000001adc83f4cec: e86f 595b 

  0x000001adc83f4cf0: ; ImmutableOopMap {[56]=Oop }
                      ;*synchronization entry
                      ; - java.lang.ref.Reference::reachabilityFence@-1 (line 661)
                      ; - java.security.AccessController::executePrivileged@64 (line 829)
                      ;   {internal_word}
  0x000001adc83f4cf0: 07eb 8349 | ba80 4c3f | c8ad 0100 | 004d 8997 | 6004 0000 

  0x000001adc83f4d04: ;   {runtime_call SafepointBlob}
  0x000001adc83f4d04: e9d7 1a4e | 0749 8b87 | 0005 0000 | 49c7 8700 | 0500 0000 | 0000 0049 | c787 0805 | 0000 0000 
  0x000001adc83f4d24: 0000 4883 

  0x000001adc83f4d28: ;   {runtime_call unwind_exception Runtime1 stub}
  0x000001adc83f4d28: c450 5de9 | 30e6 5a07 
[Stub Code]
  0x000001adc83f4d30: ;   {no_reloc}
  0x000001adc83f4d30: 0f1f 4400 

  0x000001adc83f4d34: ;   {static_stub}
  0x000001adc83f4d34: 0048 bb00 | 0000 0000 

  0x000001adc83f4d3c: ;   {runtime_call nmethod}
  0x000001adc83f4d3c: 0000 00e9 | fbff ffff 

  0x000001adc83f4d44: ;   {static_stub}
  0x000001adc83f4d44: 48bb 0000 | 0000 0000 

  0x000001adc83f4d4c: ;   {runtime_call nmethod}
  0x000001adc83f4d4c: 0000 e9fb 

  0x000001adc83f4d50: ;   {runtime_call handle_exception_from_callee Runtime1 stub}
  0x000001adc83f4d50: ffff ffe8 | 881c 5b07 

  0x000001adc83f4d58: ;   {external_word}
  0x000001adc83f4d58: 48b9 40d5 | d570 ff7f | 0000 4883 

  0x000001adc83f4d64: ;   {runtime_call}
  0x000001adc83f4d64: e4f0 48b8 | 704a 9c70 | ff7f 0000 

  0x000001adc83f4d70: ;   {section_word}
  0x000001adc83f4d70: ffd0 f449 | ba73 4d3f | c8ad 0100 

  0x000001adc83f4d7c: ;   {runtime_call DeoptimizationBlob}
  0x000001adc83f4d7c: 0041 52e9 | 7c2e 4e07 | f4f4 f4f4 
[/MachCode]


Compiled method (c1) 439  576   !   3       org.codehaus.plexus.classworlds.realm.ClassRealm::loadClass (33 bytes)
 total in heap  [0x000001adc83f2f88,0x000001adc83f33c8] = 1088
 relocation     [0x000001adc83f3060,0x000001adc83f30c8] = 104
 main code      [0x000001adc83f30e0,0x000001adc83f3330] = 592
 stub code      [0x000001adc83f3330,0x000001adc83f3388] = 88
 oops           [0x000001adc83f3388,0x000001adc83f3390] = 8
 metadata       [0x000001adc83f3390,0x000001adc83f33c8] = 56
 immutable data [0x000001addf8edd50,0x000001addf8ede60] = 272
 dependencies   [0x000001addf8edd50,0x000001addf8edd60] = 16
 nul chk table  [0x000001addf8edd60,0x000001addf8edd70] = 16
 handler table  [0x000001addf8edd70,0x000001addf8edd88] = 24
 scopes pcs     [0x000001addf8edd88,0x000001addf8ede08] = 128
 scopes data    [0x000001addf8ede08,0x000001addf8ede60] = 88

[Constant Pool (empty)]

[MachCode]
[Instructions begin]
  0x000001adc83f30e0: 6666 660f | 1f84 0000 | 0000 0066 | 6666 9066 | 6690 448b | 5208 443b 

  0x000001adc83f30f8: ;   {runtime_call ic_miss_stub}
  0x000001adc83f30f8: 5008 0f85 | e0b5 4d07 
[Verified Entry Point]
  0x000001adc83f3100: 8984 2400 | 80ff ff55 | 4883 ec60 | 4181 7f20 | 0100 0000 

  0x000001adc83f3114: ;   {runtime_call StubRoutines (final stubs)}
  0x000001adc83f3114: 7405 e845 

  0x000001adc83f3118: ;   {metadata(method data for {method} {0x000001ae21404228} 'loadClass' '(Ljava/lang/String;Z)Ljava/lang/Class;' in 'org/codehaus/plexus/classworlds/realm/ClassRealm')}
  0x000001adc83f3118: 724c 0748 | bee0 8744 | 21ae 0100 | 008b becc | 0000 0083 | c702 89be | cc00 0000 | 81e7 fe07 
  0x000001adc83f3138: 0000 85ff | 0f84 3d01 

  0x000001adc83f3140: ;   {metadata(method data for {method} {0x000001ae21404228} 'loadClass' '(Ljava/lang/String;Z)Ljava/lang/Class;' in 'org/codehaus/plexus/classworlds/realm/ClassRealm')}
  0x000001adc83f3140: 0000 48be | e087 4421 | ae01 0000 | ff86 2801 | 0000 488b 

  0x000001adc83f3154: ;   {metadata(method data for {method} {0x000001ae21404228} 'loadClass' '(Ljava/lang/String;Z)Ljava/lang/Class;' in 'org/codehaus/plexus/classworlds/realm/ClassRealm')}
  0x000001adc83f3154: f248 bfe0 | 8744 21ae | 0100 0048 | 8387 3801 

  0x000001adc83f3164: ;   {metadata(method data for {method} {0x000001ae21404338} 'unsynchronizedLoadClass' '(Ljava/lang/String;Z)Ljava/lang/Class;' in 'org/codehaus/plexus/classworlds/realm/ClassRealm')}
  0x000001adc83f3164: 0000 0148 | be88 8944 | 21ae 0100 | 008b becc | 0000 0083 | c702 89be | cc00 0000 | 81e7 feff 
  0x000001adc83f3184: 1f00 85ff | 0f84 1201 | 0000 488b 

  0x000001adc83f3190: ;   {metadata(method data for {method} {0x000001ae21404338} 'unsynchronizedLoadClass' '(Ljava/lang/String;Z)Ljava/lang/Class;' in 'org/codehaus/plexus/classworlds/realm/ClassRealm')}
  0x000001adc83f3190: f248 bf88 | 8944 21ae | 0100 0048 | 8387 1801 | 0000 0149 | 8bf0 4c8b | c648 8bfa | 488b d748 
  0x000001adc83f31b0: 8974 2448 | 4889 7c24 | 4066 0f1f 

  0x000001adc83f31bc: ;   {optimized virtual_call}
  0x000001adc83f31bc: 4400 00e8 

  0x000001adc83f31c0: ; ImmutableOopMap {[64]=Oop [72]=Oop }
                      ;*invokespecial loadClass {reexecute=0 rethrow=0 return_oop=0}
                      ; - org.codehaus.plexus.classworlds.realm.ClassRealm::unsynchronizedLoadClass@3 (line 222)
                      ; - org.codehaus.plexus.classworlds.realm.ClassRealm::loadClass@9 (line 210)
  0x000001adc83f31c0: 7101 0000 

  0x000001adc83f31c4: ;   {other}
  0x000001adc83f31c4: 0f1f 8400 | 3c02 0000 | 4883 c460 

  0x000001adc83f31d0: ;   {poll_return}
  0x000001adc83f31d0: 5d49 3ba7 | 4804 0000 | 0f87 e300 | 0000 c349 | 8b87 0005 | 0000 4d33 | d24d 8997 | 0005 0000 
  0x000001adc83f31f0: 4d33 d24d | 8997 0805 | 0000 8b52 | 7048 c1e2 | 0348 85d2 | 0f84 2900 

  0x000001adc83f3208: ;   {metadata('org/codehaus/plexus/classworlds/strategy/SelfFirstStrategy')}
  0x000001adc83f3208: 0000 48b8 | c02c 00e1 | ad01 0000 | 8b5a 0849 | ba00 0000 | e0ad 0100 | 0049 03da | 483b 4340 
  0x000001adc83f3228: 0f85 a900 | 0000 e900 | 0000 0048 | 8bf2 483b | 0248 8bf2 

  0x000001adc83f323c: ;   {metadata(method data for {method} {0x000001ae21404338} 'unsynchronizedLoadClass' '(Ljava/lang/String;Z)Ljava/lang/Class;' in 'org/codehaus/plexus/classworlds/realm/ClassRealm')}
  0x000001adc83f323c: 48bf 8889 | 4421 ae01 

  0x000001adc83f3244: ;   {metadata('org/codehaus/plexus/classworlds/strategy/SelfFirstStrategy')}
  0x000001adc83f3244: 0000 49ba | c02c 00e1 | ad01 0000 | 4c89 9730 | 0100 0048 | 8387 3801 

  0x000001adc83f325c: ;   {optimized virtual_call}
  0x000001adc83f325c: 0000 01e8 

  0x000001adc83f3260: ; ImmutableOopMap {}
                      ;*invokeinterface loadClass {reexecute=0 rethrow=0 return_oop=0}
                      ; - org.codehaus.plexus.classworlds.realm.ClassRealm::unsynchronizedLoadClass@13 (line 225)
                      ; - org.codehaus.plexus.classworlds.realm.ClassRealm::loadClass@9 (line 210)
  0x000001adc83f3260: e100 0000 

  0x000001adc83f3264: ;   {other}
  0x000001adc83f3264: 0f1f 8400 | dc02 0001 | 4883 c460 

  0x000001adc83f3270: ;   {poll_return}
  0x000001adc83f3270: 5d49 3ba7 | 4804 0000 | 0f87 6300 

  0x000001adc83f327c: ;   {metadata({method} {0x000001ae21404228} 'loadClass' '(Ljava/lang/String;Z)Ljava/lang/Class;' in 'org/codehaus/plexus/classworlds/realm/ClassRealm')}
  0x000001adc83f327c: 0000 c349 | ba20 4240 | 21ae 0100 | 004c 8954 | 2408 48c7 | 0424 ffff 

  0x000001adc83f3294: ;   {runtime_call counter_overflow Runtime1 stub}
  0x000001adc83f3294: ffff e8c5 

  0x000001adc83f3298: ; ImmutableOopMap {rdx=Oop r8=Oop }
                      ;*synchronization entry
                      ; - org.codehaus.plexus.classworlds.realm.ClassRealm::loadClass@-1 (line 209)
  0x000001adc83f3298: 735b 07e9 | a2fe ffff 

  0x000001adc83f32a0: ;   {metadata({method} {0x000001ae21404338} 'unsynchronizedLoadClass' '(Ljava/lang/String;Z)Ljava/lang/Class;' in 'org/codehaus/plexus/classworlds/realm/ClassRealm')}
  0x000001adc83f32a0: 49ba 3043 | 4021 ae01 | 0000 4c89 | 5424 0848 | c704 24ff 

  0x000001adc83f32b4: ;   {runtime_call counter_overflow Runtime1 stub}
  0x000001adc83f32b4: ffff ffe8 

  0x000001adc83f32b8: ; ImmutableOopMap {rdx=Oop r8=Oop }
                      ;*synchronization entry
                      ; - org.codehaus.plexus.classworlds.realm.ClassRealm::unsynchronizedLoadClass@-1 (line 222)
                      ; - org.codehaus.plexus.classworlds.realm.ClassRealm::loadClass@9 (line 210)
  0x000001adc83f32b8: a473 5b07 | e9cd feff 

  0x000001adc83f32c0: ;   {internal_word}
  0x000001adc83f32c0: ff49 bad1 | 313f c8ad | 0100 004d | 8997 6004 

  0x000001adc83f32d0: ;   {runtime_call SafepointBlob}
  0x000001adc83f32d0: 0000 e909 

  0x000001adc83f32d4: ;   {runtime_call throw_incompatible_class_change_error Runtime1 stub}
  0x000001adc83f32d4: 354e 07e8 

  0x000001adc83f32d8: ; ImmutableOopMap {r8=Oop rdx=Oop }
                      ;*invokeinterface loadClass {reexecute=0 rethrow=0 return_oop=0}
                      ; - org.codehaus.plexus.classworlds.realm.ClassRealm::unsynchronizedLoadClass@13 (line 225)
                      ; - org.codehaus.plexus.classworlds.realm.ClassRealm::loadClass@9 (line 210)
  0x000001adc83f32d8: 0440 5b07 

  0x000001adc83f32dc: ;   {runtime_call throw_null_pointer_exception Runtime1 stub}
  0x000001adc83f32dc: e8ff 145b 

  0x000001adc83f32e0: ; ImmutableOopMap {r8=Oop rdx=Oop }
                      ;*invokeinterface loadClass {reexecute=0 rethrow=0 return_oop=0}
                      ; - org.codehaus.plexus.classworlds.realm.ClassRealm::unsynchronizedLoadClass@13 (line 225)
                      ; - org.codehaus.plexus.classworlds.realm.ClassRealm::loadClass@9 (line 210)
                      ;   {internal_word}
  0x000001adc83f32e0: 0749 ba71 | 323f c8ad | 0100 004d | 8997 6004 

  0x000001adc83f32f0: ;   {runtime_call SafepointBlob}
  0x000001adc83f32f0: 0000 e9e9 | 344e 074c | 8b44 2448 | 488b 5424 | 40e9 d9fe | ffff 498b | 8700 0500 | 0049 c787 
  0x000001adc83f3310: 0005 0000 | 0000 0000 | 49c7 8708 | 0500 0000 | 0000 0048 | 83c4 605d 

  0x000001adc83f3328: ;   {runtime_call unwind_exception Runtime1 stub}
  0x000001adc83f3328: e933 005b | 07f4 f4f4 
[Stub Code]
  0x000001adc83f3330: ;   {no_reloc}
  0x000001adc83f3330: 0f1f 4400 

  0x000001adc83f3334: ;   {static_stub}
  0x000001adc83f3334: 0048 bbc8 | 6c17 e0ad 

  0x000001adc83f333c: ;   {runtime_call I2C/C2I adapters}
  0x000001adc83f333c: 0100 00e9 | 767d 4d07 

  0x000001adc83f3344: ;   {static_stub}
  0x000001adc83f3344: 9048 bbb8 | e540 21ae 

  0x000001adc83f334c: ;   {runtime_call I2C/C2I adapters}
  0x000001adc83f334c: 0100 00e9 | e218 4e07 
[Exception Handler]
  0x000001adc83f3354: ;   {runtime_call handle_exception_from_callee Runtime1 stub}
  0x000001adc83f3354: e887 365b 

  0x000001adc83f3358: ;   {external_word}
  0x000001adc83f3358: 0748 b940 | d5d5 70ff | 7f00 0048 

  0x000001adc83f3364: ;   {runtime_call}
  0x000001adc83f3364: 83e4 f048 | b870 4a9c | 70ff 7f00 | 00ff d0f4 
[Deopt Handler Code]
  0x000001adc83f3374: ;   {section_word}
  0x000001adc83f3374: 49ba 7433 | 3fc8 ad01 | 0000 4152 

  0x000001adc83f3380: ;   {runtime_call DeoptimizationBlob}
  0x000001adc83f3380: e97b 484e | 07f4 f4f4 
[/MachCode]


---------------  P R O C E S S  ---------------

Threads class SMR info:
_java_thread_list=0x000001addf8450e0, length=11, elements={
0x000001adbfc5b8b0, 0x000001addf136300, 0x000001addf139220, 0x000001addeac92a0,
0x000001addeac9d00, 0x000001addeacae10, 0x000001addeacc0a0, 0x000001addeacd9c0,
0x000001addeace710, 0x000001addf2abc40, 0x000001addf2afb10
}

Java Threads: ( => current thread )
=>0x000001adbfc5b8b0 JavaThread "main"                              [_thread_in_vm, id=53904, stack(0x000000187a200000,0x000000187a300000) (1024K)]
  0x000001addf136300 JavaThread "Reference Handler"          daemon [_thread_blocked, id=9804, stack(0x000000187ab00000,0x000000187ac00000) (1024K)]
  0x000001addf139220 JavaThread "Finalizer"                  daemon [_thread_blocked, id=28968, stack(0x000000187ac00000,0x000000187ad00000) (1024K)]
  0x000001addeac92a0 JavaThread "Signal Dispatcher"          daemon [_thread_blocked, id=54492, stack(0x000000187ad00000,0x000000187ae00000) (1024K)]
  0x000001addeac9d00 JavaThread "Attach Listener"            daemon [_thread_blocked, id=44720, stack(0x000000187ae00000,0x000000187af00000) (1024K)]
  0x000001addeacae10 JavaThread "Service Thread"             daemon [_thread_blocked, id=39640, stack(0x000000187af00000,0x000000187b000000) (1024K)]
  0x000001addeacc0a0 JavaThread "Monitor Deflation Thread"   daemon [_thread_blocked, id=52936, stack(0x000000187b000000,0x000000187b100000) (1024K)]
  0x000001addeacd9c0 JavaThread "C2 CompilerThread0"         daemon [_thread_in_native, id=54448, stack(0x000000187b100000,0x000000187b200000) (1024K)]
  0x000001addeace710 JavaThread "C1 CompilerThread0"         daemon [_thread_in_native, id=16656, stack(0x000000187b200000,0x000000187b300000) (1024K)]
  0x000001addf2abc40 JavaThread "Notification Thread"        daemon [_thread_blocked, id=45664, stack(0x000000187b300000,0x000000187b400000) (1024K)]
  0x000001addf2afb10 JavaThread "Common-Cleaner"             daemon [_thread_blocked, id=29048, stack(0x000000187b400000,0x000000187b500000) (1024K)]
Total: 11

Other Threads:
  0x000001addeab3670 VMThread "VM Thread"                           [id=34036, stack(0x000000187aa00000,0x000000187ab00000) (1024K)]
  0x000001addeaa0950 WatcherThread "VM Periodic Task Thread"        [id=24780, stack(0x000000187a900000,0x000000187aa00000) (1024K)]
  0x000001adbfcbd650 WorkerThread "GC Thread#0"                     [id=11188, stack(0x000000187a400000,0x000000187a500000) (1024K)]
  0x000001adbfcd1f80 ConcurrentGCThread "G1 Main Marker"            [id=47988, stack(0x000000187a500000,0x000000187a600000) (1024K)]
  0x000001adbfcd2a90 WorkerThread "G1 Conc#0"                       [id=32200, stack(0x000000187a600000,0x000000187a700000) (1024K)]
  0x000001adde9707e0 ConcurrentGCThread "G1 Refine#0"               [id=55080, stack(0x000000187a700000,0x000000187a800000) (1024K)]
  0x000001adde971360 ConcurrentGCThread "G1 Service"                [id=53244, stack(0x000000187a800000,0x000000187a900000) (1024K)]
Total: 7

Threads with active compile tasks:
C2 CompilerThread0  446  748   !   4       java.util.zip.ZipFile::getEntry (59 bytes)
C1 CompilerThread0  446  757       3       java.net.URLStreamHandler::parseURL (1124 bytes)
Total: 2

VM state: not at safepoint (normal execution)

VM Mutex/Monitor currently owned by a thread: None

Heap address: 0x0000000704e00000, size: 4018 MB, Compressed Oops mode: Zero based, Oop shift amount: 3

CDS archive(s) mapped at: [0x000001ade0000000-0x000001ade0d70000-0x000001ade0d70000), size 14090240, SharedBaseAddress: 0x000001ade0000000, ArchiveRelocationMode: 1.
Compressed class space mapped at: 0x000001ade1000000-0x000001ae21000000, reserved size: 1073741824
Narrow klass base: 0x000001ade0000000, Narrow klass shift: 0, Narrow klass range: 0x41000000

GC Precious Log:
 CardTable entry size: 512
 Card Set container configuration: InlinePtr #cards 4 size 8 Array Of Cards #cards 16 size 48 Howl #buckets 8 coarsen threshold 3686 Howl Bitmap #cards 512 size 80 coarsen threshold 460 Card regions per heap region 1 cards per card region 4096
 CPUs: 8 total, 8 available
 Memory: 16064M
 Large Page Support: Disabled
 NUMA Support: Disabled
 Compressed Oops: Enabled (Zero based)
 Heap Region Size: 2M
 Heap Min Capacity: 8M
 Heap Initial Capacity: 252M
 Heap Max Capacity: 4018M
 Pre-touch: Disabled
 Parallel Workers: 8
 Concurrent Workers: 2
 Concurrent Refinement Workers: 8
 Periodic GC: Disabled

Heap:
 garbage-first heap   total reserved 4114432K, committed 258048K, used 8192K [0x0000000704e00000, 0x0000000800000000)
  region size 2048K, 5 young (10240K), 0 survivors (0K)
 Metaspace       used 2716K, committed 2880K, reserved 1114112K
  class space    used 273K, committed 320K, reserved 1048576K

Heap Regions: E=young(eden), S=young(survivor), O=old, HS=humongous(starts), HC=humongous(continues), CS=collection set, F=free, TAMS=top-at-mark-start, PB=parsable bottom
|   0|0x0000000704e00000, 0x0000000704e00000, 0x0000000705000000|  0%| F|  |TAMS 0x0000000704e00000| PB 0x0000000704e00000| Untracked |  0
|   1|0x0000000705000000, 0x0000000705000000, 0x0000000705200000|  0%| F|  |TAMS 0x0000000705000000| PB 0x0000000705000000| Untracked |  0
|   2|0x0000000705200000, 0x0000000705200000, 0x0000000705400000|  0%| F|  |TAMS 0x0000000705200000| PB 0x0000000705200000| Untracked |  0
|   3|0x0000000705400000, 0x0000000705400000, 0x0000000705600000|  0%| F|  |TAMS 0x0000000705400000| PB 0x0000000705400000| Untracked |  0
|   4|0x0000000705600000, 0x0000000705600000, 0x0000000705800000|  0%| F|  |TAMS 0x0000000705600000| PB 0x0000000705600000| Untracked |  0
|   5|0x0000000705800000, 0x0000000705800000, 0x0000000705a00000|  0%| F|  |TAMS 0x0000000705800000| PB 0x0000000705800000| Untracked |  0
|   6|0x0000000705a00000, 0x0000000705a00000, 0x0000000705c00000|  0%| F|  |TAMS 0x0000000705a00000| PB 0x0000000705a00000| Untracked |  0
|   7|0x0000000705c00000, 0x0000000705c00000, 0x0000000705e00000|  0%| F|  |TAMS 0x0000000705c00000| PB 0x0000000705c00000| Untracked |  0
|   8|0x0000000705e00000, 0x0000000705e00000, 0x0000000706000000|  0%| F|  |TAMS 0x0000000705e00000| PB 0x0000000705e00000| Untracked |  0
|   9|0x0000000706000000, 0x0000000706000000, 0x0000000706200000|  0%| F|  |TAMS 0x0000000706000000| PB 0x0000000706000000| Untracked |  0
|  10|0x0000000706200000, 0x0000000706200000, 0x0000000706400000|  0%| F|  |TAMS 0x0000000706200000| PB 0x0000000706200000| Untracked |  0
|  11|0x0000000706400000, 0x0000000706400000, 0x0000000706600000|  0%| F|  |TAMS 0x0000000706400000| PB 0x0000000706400000| Untracked |  0
|  12|0x0000000706600000, 0x0000000706600000, 0x0000000706800000|  0%| F|  |TAMS 0x0000000706600000| PB 0x0000000706600000| Untracked |  0
|  13|0x0000000706800000, 0x0000000706800000, 0x0000000706a00000|  0%| F|  |TAMS 0x0000000706800000| PB 0x0000000706800000| Untracked |  0
|  14|0x0000000706a00000, 0x0000000706a00000, 0x0000000706c00000|  0%| F|  |TAMS 0x0000000706a00000| PB 0x0000000706a00000| Untracked |  0
|  15|0x0000000706c00000, 0x0000000706c00000, 0x0000000706e00000|  0%| F|  |TAMS 0x0000000706c00000| PB 0x0000000706c00000| Untracked |  0
|  16|0x0000000706e00000, 0x0000000706e00000, 0x0000000707000000|  0%| F|  |TAMS 0x0000000706e00000| PB 0x0000000706e00000| Untracked |  0
|  17|0x0000000707000000, 0x0000000707000000, 0x0000000707200000|  0%| F|  |TAMS 0x0000000707000000| PB 0x0000000707000000| Untracked |  0
|  18|0x0000000707200000, 0x0000000707200000, 0x0000000707400000|  0%| F|  |TAMS 0x0000000707200000| PB 0x0000000707200000| Untracked |  0
|  19|0x0000000707400000, 0x0000000707400000, 0x0000000707600000|  0%| F|  |TAMS 0x0000000707400000| PB 0x0000000707400000| Untracked |  0
|  20|0x0000000707600000, 0x0000000707600000, 0x0000000707800000|  0%| F|  |TAMS 0x0000000707600000| PB 0x0000000707600000| Untracked |  0
|  21|0x0000000707800000, 0x0000000707800000, 0x0000000707a00000|  0%| F|  |TAMS 0x0000000707800000| PB 0x0000000707800000| Untracked |  0
|  22|0x0000000707a00000, 0x0000000707a00000, 0x0000000707c00000|  0%| F|  |TAMS 0x0000000707a00000| PB 0x0000000707a00000| Untracked |  0
|  23|0x0000000707c00000, 0x0000000707c00000, 0x0000000707e00000|  0%| F|  |TAMS 0x0000000707c00000| PB 0x0000000707c00000| Untracked |  0
|  24|0x0000000707e00000, 0x0000000707e00000, 0x0000000708000000|  0%| F|  |TAMS 0x0000000707e00000| PB 0x0000000707e00000| Untracked |  0
|  25|0x0000000708000000, 0x0000000708000000, 0x0000000708200000|  0%| F|  |TAMS 0x0000000708000000| PB 0x0000000708000000| Untracked |  0
|  26|0x0000000708200000, 0x0000000708200000, 0x0000000708400000|  0%| F|  |TAMS 0x0000000708200000| PB 0x0000000708200000| Untracked |  0
|  27|0x0000000708400000, 0x0000000708400000, 0x0000000708600000|  0%| F|  |TAMS 0x0000000708400000| PB 0x0000000708400000| Untracked |  0
|  28|0x0000000708600000, 0x0000000708600000, 0x0000000708800000|  0%| F|  |TAMS 0x0000000708600000| PB 0x0000000708600000| Untracked |  0
|  29|0x0000000708800000, 0x0000000708800000, 0x0000000708a00000|  0%| F|  |TAMS 0x0000000708800000| PB 0x0000000708800000| Untracked |  0
|  30|0x0000000708a00000, 0x0000000708a00000, 0x0000000708c00000|  0%| F|  |TAMS 0x0000000708a00000| PB 0x0000000708a00000| Untracked |  0
|  31|0x0000000708c00000, 0x0000000708c00000, 0x0000000708e00000|  0%| F|  |TAMS 0x0000000708c00000| PB 0x0000000708c00000| Untracked |  0
|  32|0x0000000708e00000, 0x0000000708e00000, 0x0000000709000000|  0%| F|  |TAMS 0x0000000708e00000| PB 0x0000000708e00000| Untracked |  0
|  33|0x0000000709000000, 0x0000000709000000, 0x0000000709200000|  0%| F|  |TAMS 0x0000000709000000| PB 0x0000000709000000| Untracked |  0
|  34|0x0000000709200000, 0x0000000709200000, 0x0000000709400000|  0%| F|  |TAMS 0x0000000709200000| PB 0x0000000709200000| Untracked |  0
|  35|0x0000000709400000, 0x0000000709400000, 0x0000000709600000|  0%| F|  |TAMS 0x0000000709400000| PB 0x0000000709400000| Untracked |  0
|  36|0x0000000709600000, 0x0000000709600000, 0x0000000709800000|  0%| F|  |TAMS 0x0000000709600000| PB 0x0000000709600000| Untracked |  0
|  37|0x0000000709800000, 0x0000000709800000, 0x0000000709a00000|  0%| F|  |TAMS 0x0000000709800000| PB 0x0000000709800000| Untracked |  0
|  38|0x0000000709a00000, 0x0000000709a00000, 0x0000000709c00000|  0%| F|  |TAMS 0x0000000709a00000| PB 0x0000000709a00000| Untracked |  0
|  39|0x0000000709c00000, 0x0000000709c00000, 0x0000000709e00000|  0%| F|  |TAMS 0x0000000709c00000| PB 0x0000000709c00000| Untracked |  0
|  40|0x0000000709e00000, 0x0000000709e00000, 0x000000070a000000|  0%| F|  |TAMS 0x0000000709e00000| PB 0x0000000709e00000| Untracked |  0
|  41|0x000000070a000000, 0x000000070a000000, 0x000000070a200000|  0%| F|  |TAMS 0x000000070a000000| PB 0x000000070a000000| Untracked |  0
|  42|0x000000070a200000, 0x000000070a200000, 0x000000070a400000|  0%| F|  |TAMS 0x000000070a200000| PB 0x000000070a200000| Untracked |  0
|  43|0x000000070a400000, 0x000000070a400000, 0x000000070a600000|  0%| F|  |TAMS 0x000000070a400000| PB 0x000000070a400000| Untracked |  0
|  44|0x000000070a600000, 0x000000070a600000, 0x000000070a800000|  0%| F|  |TAMS 0x000000070a600000| PB 0x000000070a600000| Untracked |  0
|  45|0x000000070a800000, 0x000000070a800000, 0x000000070aa00000|  0%| F|  |TAMS 0x000000070a800000| PB 0x000000070a800000| Untracked |  0
|  46|0x000000070aa00000, 0x000000070aa00000, 0x000000070ac00000|  0%| F|  |TAMS 0x000000070aa00000| PB 0x000000070aa00000| Untracked |  0
|  47|0x000000070ac00000, 0x000000070ac00000, 0x000000070ae00000|  0%| F|  |TAMS 0x000000070ac00000| PB 0x000000070ac00000| Untracked |  0
|  48|0x000000070ae00000, 0x000000070ae00000, 0x000000070b000000|  0%| F|  |TAMS 0x000000070ae00000| PB 0x000000070ae00000| Untracked |  0
|  49|0x000000070b000000, 0x000000070b000000, 0x000000070b200000|  0%| F|  |TAMS 0x000000070b000000| PB 0x000000070b000000| Untracked |  0
|  50|0x000000070b200000, 0x000000070b200000, 0x000000070b400000|  0%| F|  |TAMS 0x000000070b200000| PB 0x000000070b200000| Untracked |  0
|  51|0x000000070b400000, 0x000000070b400000, 0x000000070b600000|  0%| F|  |TAMS 0x000000070b400000| PB 0x000000070b400000| Untracked |  0
|  52|0x000000070b600000, 0x000000070b600000, 0x000000070b800000|  0%| F|  |TAMS 0x000000070b600000| PB 0x000000070b600000| Untracked |  0
|  53|0x000000070b800000, 0x000000070b800000, 0x000000070ba00000|  0%| F|  |TAMS 0x000000070b800000| PB 0x000000070b800000| Untracked |  0
|  54|0x000000070ba00000, 0x000000070ba00000, 0x000000070bc00000|  0%| F|  |TAMS 0x000000070ba00000| PB 0x000000070ba00000| Untracked |  0
|  55|0x000000070bc00000, 0x000000070bc00000, 0x000000070be00000|  0%| F|  |TAMS 0x000000070bc00000| PB 0x000000070bc00000| Untracked |  0
|  56|0x000000070be00000, 0x000000070be00000, 0x000000070c000000|  0%| F|  |TAMS 0x000000070be00000| PB 0x000000070be00000| Untracked |  0
|  57|0x000000070c000000, 0x000000070c000000, 0x000000070c200000|  0%| F|  |TAMS 0x000000070c000000| PB 0x000000070c000000| Untracked |  0
|  58|0x000000070c200000, 0x000000070c200000, 0x000000070c400000|  0%| F|  |TAMS 0x000000070c200000| PB 0x000000070c200000| Untracked |  0
|  59|0x000000070c400000, 0x000000070c400000, 0x000000070c600000|  0%| F|  |TAMS 0x000000070c400000| PB 0x000000070c400000| Untracked |  0
|  60|0x000000070c600000, 0x000000070c600000, 0x000000070c800000|  0%| F|  |TAMS 0x000000070c600000| PB 0x000000070c600000| Untracked |  0
|  61|0x000000070c800000, 0x000000070c800000, 0x000000070ca00000|  0%| F|  |TAMS 0x000000070c800000| PB 0x000000070c800000| Untracked |  0
|  62|0x000000070ca00000, 0x000000070ca00000, 0x000000070cc00000|  0%| F|  |TAMS 0x000000070ca00000| PB 0x000000070ca00000| Untracked |  0
|  63|0x000000070cc00000, 0x000000070cc00000, 0x000000070ce00000|  0%| F|  |TAMS 0x000000070cc00000| PB 0x000000070cc00000| Untracked |  0
|  64|0x000000070ce00000, 0x000000070ce00000, 0x000000070d000000|  0%| F|  |TAMS 0x000000070ce00000| PB 0x000000070ce00000| Untracked |  0
|  65|0x000000070d000000, 0x000000070d000000, 0x000000070d200000|  0%| F|  |TAMS 0x000000070d000000| PB 0x000000070d000000| Untracked |  0
|  66|0x000000070d200000, 0x000000070d200000, 0x000000070d400000|  0%| F|  |TAMS 0x000000070d200000| PB 0x000000070d200000| Untracked |  0
|  67|0x000000070d400000, 0x000000070d400000, 0x000000070d600000|  0%| F|  |TAMS 0x000000070d400000| PB 0x000000070d400000| Untracked |  0
|  68|0x000000070d600000, 0x000000070d600000, 0x000000070d800000|  0%| F|  |TAMS 0x000000070d600000| PB 0x000000070d600000| Untracked |  0
|  69|0x000000070d800000, 0x000000070d800000, 0x000000070da00000|  0%| F|  |TAMS 0x000000070d800000| PB 0x000000070d800000| Untracked |  0
|  70|0x000000070da00000, 0x000000070da00000, 0x000000070dc00000|  0%| F|  |TAMS 0x000000070da00000| PB 0x000000070da00000| Untracked |  0
|  71|0x000000070dc00000, 0x000000070dc00000, 0x000000070de00000|  0%| F|  |TAMS 0x000000070dc00000| PB 0x000000070dc00000| Untracked |  0
|  72|0x000000070de00000, 0x000000070de00000, 0x000000070e000000|  0%| F|  |TAMS 0x000000070de00000| PB 0x000000070de00000| Untracked |  0
|  73|0x000000070e000000, 0x000000070e000000, 0x000000070e200000|  0%| F|  |TAMS 0x000000070e000000| PB 0x000000070e000000| Untracked |  0
|  74|0x000000070e200000, 0x000000070e200000, 0x000000070e400000|  0%| F|  |TAMS 0x000000070e200000| PB 0x000000070e200000| Untracked |  0
|  75|0x000000070e400000, 0x000000070e400000, 0x000000070e600000|  0%| F|  |TAMS 0x000000070e400000| PB 0x000000070e400000| Untracked |  0
|  76|0x000000070e600000, 0x000000070e600000, 0x000000070e800000|  0%| F|  |TAMS 0x000000070e600000| PB 0x000000070e600000| Untracked |  0
|  77|0x000000070e800000, 0x000000070e800000, 0x000000070ea00000|  0%| F|  |TAMS 0x000000070e800000| PB 0x000000070e800000| Untracked |  0
|  78|0x000000070ea00000, 0x000000070ea00000, 0x000000070ec00000|  0%| F|  |TAMS 0x000000070ea00000| PB 0x000000070ea00000| Untracked |  0
|  79|0x000000070ec00000, 0x000000070ec00000, 0x000000070ee00000|  0%| F|  |TAMS 0x000000070ec00000| PB 0x000000070ec00000| Untracked |  0
|  80|0x000000070ee00000, 0x000000070ee00000, 0x000000070f000000|  0%| F|  |TAMS 0x000000070ee00000| PB 0x000000070ee00000| Untracked |  0
|  81|0x000000070f000000, 0x000000070f000000, 0x000000070f200000|  0%| F|  |TAMS 0x000000070f000000| PB 0x000000070f000000| Untracked |  0
|  82|0x000000070f200000, 0x000000070f200000, 0x000000070f400000|  0%| F|  |TAMS 0x000000070f200000| PB 0x000000070f200000| Untracked |  0
|  83|0x000000070f400000, 0x000000070f400000, 0x000000070f600000|  0%| F|  |TAMS 0x000000070f400000| PB 0x000000070f400000| Untracked |  0
|  84|0x000000070f600000, 0x000000070f600000, 0x000000070f800000|  0%| F|  |TAMS 0x000000070f600000| PB 0x000000070f600000| Untracked |  0
|  85|0x000000070f800000, 0x000000070f800000, 0x000000070fa00000|  0%| F|  |TAMS 0x000000070f800000| PB 0x000000070f800000| Untracked |  0
|  86|0x000000070fa00000, 0x000000070fa00000, 0x000000070fc00000|  0%| F|  |TAMS 0x000000070fa00000| PB 0x000000070fa00000| Untracked |  0
|  87|0x000000070fc00000, 0x000000070fc00000, 0x000000070fe00000|  0%| F|  |TAMS 0x000000070fc00000| PB 0x000000070fc00000| Untracked |  0
|  88|0x000000070fe00000, 0x000000070fe00000, 0x0000000710000000|  0%| F|  |TAMS 0x000000070fe00000| PB 0x000000070fe00000| Untracked |  0
|  89|0x0000000710000000, 0x0000000710000000, 0x0000000710200000|  0%| F|  |TAMS 0x0000000710000000| PB 0x0000000710000000| Untracked |  0
|  90|0x0000000710200000, 0x0000000710200000, 0x0000000710400000|  0%| F|  |TAMS 0x0000000710200000| PB 0x0000000710200000| Untracked |  0
|  91|0x0000000710400000, 0x0000000710400000, 0x0000000710600000|  0%| F|  |TAMS 0x0000000710400000| PB 0x0000000710400000| Untracked |  0
|  92|0x0000000710600000, 0x0000000710600000, 0x0000000710800000|  0%| F|  |TAMS 0x0000000710600000| PB 0x0000000710600000| Untracked |  0
|  93|0x0000000710800000, 0x0000000710800000, 0x0000000710a00000|  0%| F|  |TAMS 0x0000000710800000| PB 0x0000000710800000| Untracked |  0
|  94|0x0000000710a00000, 0x0000000710a00000, 0x0000000710c00000|  0%| F|  |TAMS 0x0000000710a00000| PB 0x0000000710a00000| Untracked |  0
|  95|0x0000000710c00000, 0x0000000710c00000, 0x0000000710e00000|  0%| F|  |TAMS 0x0000000710c00000| PB 0x0000000710c00000| Untracked |  0
|  96|0x0000000710e00000, 0x0000000710e00000, 0x0000000711000000|  0%| F|  |TAMS 0x0000000710e00000| PB 0x0000000710e00000| Untracked |  0
|  97|0x0000000711000000, 0x0000000711000000, 0x0000000711200000|  0%| F|  |TAMS 0x0000000711000000| PB 0x0000000711000000| Untracked |  0
|  98|0x0000000711200000, 0x0000000711200000, 0x0000000711400000|  0%| F|  |TAMS 0x0000000711200000| PB 0x0000000711200000| Untracked |  0
|  99|0x0000000711400000, 0x0000000711400000, 0x0000000711600000|  0%| F|  |TAMS 0x0000000711400000| PB 0x0000000711400000| Untracked |  0
| 100|0x0000000711600000, 0x0000000711600000, 0x0000000711800000|  0%| F|  |TAMS 0x0000000711600000| PB 0x0000000711600000| Untracked |  0
| 101|0x0000000711800000, 0x0000000711800000, 0x0000000711a00000|  0%| F|  |TAMS 0x0000000711800000| PB 0x0000000711800000| Untracked |  0
| 102|0x0000000711a00000, 0x0000000711a00000, 0x0000000711c00000|  0%| F|  |TAMS 0x0000000711a00000| PB 0x0000000711a00000| Untracked |  0
| 103|0x0000000711c00000, 0x0000000711c00000, 0x0000000711e00000|  0%| F|  |TAMS 0x0000000711c00000| PB 0x0000000711c00000| Untracked |  0
| 104|0x0000000711e00000, 0x0000000711e00000, 0x0000000712000000|  0%| F|  |TAMS 0x0000000711e00000| PB 0x0000000711e00000| Untracked |  0
| 105|0x0000000712000000, 0x0000000712000000, 0x0000000712200000|  0%| F|  |TAMS 0x0000000712000000| PB 0x0000000712000000| Untracked |  0
| 106|0x0000000712200000, 0x0000000712200000, 0x0000000712400000|  0%| F|  |TAMS 0x0000000712200000| PB 0x0000000712200000| Untracked |  0
| 107|0x0000000712400000, 0x0000000712400000, 0x0000000712600000|  0%| F|  |TAMS 0x0000000712400000| PB 0x0000000712400000| Untracked |  0
| 108|0x0000000712600000, 0x0000000712600000, 0x0000000712800000|  0%| F|  |TAMS 0x0000000712600000| PB 0x0000000712600000| Untracked |  0
| 109|0x0000000712800000, 0x0000000712800000, 0x0000000712a00000|  0%| F|  |TAMS 0x0000000712800000| PB 0x0000000712800000| Untracked |  0
| 110|0x0000000712a00000, 0x0000000712a00000, 0x0000000712c00000|  0%| F|  |TAMS 0x0000000712a00000| PB 0x0000000712a00000| Untracked |  0
| 111|0x0000000712c00000, 0x0000000712c00000, 0x0000000712e00000|  0%| F|  |TAMS 0x0000000712c00000| PB 0x0000000712c00000| Untracked |  0
| 112|0x0000000712e00000, 0x0000000712e00000, 0x0000000713000000|  0%| F|  |TAMS 0x0000000712e00000| PB 0x0000000712e00000| Untracked |  0
| 113|0x0000000713000000, 0x0000000713000000, 0x0000000713200000|  0%| F|  |TAMS 0x0000000713000000| PB 0x0000000713000000| Untracked |  0
| 114|0x0000000713200000, 0x0000000713200000, 0x0000000713400000|  0%| F|  |TAMS 0x0000000713200000| PB 0x0000000713200000| Untracked |  0
| 115|0x0000000713400000, 0x0000000713400000, 0x0000000713600000|  0%| F|  |TAMS 0x0000000713400000| PB 0x0000000713400000| Untracked |  0
| 116|0x0000000713600000, 0x0000000713600000, 0x0000000713800000|  0%| F|  |TAMS 0x0000000713600000| PB 0x0000000713600000| Untracked |  0
| 117|0x0000000713800000, 0x0000000713800000, 0x0000000713a00000|  0%| F|  |TAMS 0x0000000713800000| PB 0x0000000713800000| Untracked |  0
| 118|0x0000000713a00000, 0x0000000713a00000, 0x0000000713c00000|  0%| F|  |TAMS 0x0000000713a00000| PB 0x0000000713a00000| Untracked |  0
| 119|0x0000000713c00000, 0x0000000713c00000, 0x0000000713e00000|  0%| F|  |TAMS 0x0000000713c00000| PB 0x0000000713c00000| Untracked |  0
| 120|0x0000000713e00000, 0x0000000713e00000, 0x0000000714000000|  0%| F|  |TAMS 0x0000000713e00000| PB 0x0000000713e00000| Untracked |  0
| 121|0x0000000714000000, 0x00000007141eb940, 0x0000000714200000| 96%| E|  |TAMS 0x0000000714000000| PB 0x0000000714000000| Complete |  0
| 122|0x0000000714200000, 0x0000000714400000, 0x0000000714400000|100%| E|CS|TAMS 0x0000000714200000| PB 0x0000000714200000| Complete |  0
| 123|0x0000000714400000, 0x0000000714600000, 0x0000000714600000|100%| E|CS|TAMS 0x0000000714400000| PB 0x0000000714400000| Complete |  0
| 124|0x0000000714600000, 0x0000000714800000, 0x0000000714800000|100%| E|CS|TAMS 0x0000000714600000| PB 0x0000000714600000| Complete |  0
| 125|0x0000000714800000, 0x0000000714a00000, 0x0000000714a00000|100%| E|CS|TAMS 0x0000000714800000| PB 0x0000000714800000| Complete |  0

Card table byte_map: [0x000001add7f70000,0x000001add8750000] _byte_map_base: 0x000001add4749000

Marking Bits: (CMBitMap*) 0x000001adbfcbdc70
 Bits: [0x000001add8750000, 0x000001addc618000)

Polling page: 0x000001adbf3e0000

Metaspace:

Usage:
  Non-class:      2.39 MB used.
      Class:    273.76 KB used.
       Both:      2.65 MB used.

Virtual space:
  Non-class space:       64.00 MB reserved,       2.50 MB (  4%) committed,  1 nodes.
      Class space:        1.00 GB reserved,     320.00 KB ( <1%) committed,  1 nodes.
             Both:        1.06 GB reserved,       2.81 MB ( <1%) committed. 

Chunk freelists:
   Non-Class:  10.97 MB
       Class:  15.58 MB
        Both:  26.55 MB

MaxMetaspaceSize: unlimited
CompressedClassSpaceSize: 1.00 GB
Initial GC threshold: 21.00 MB
Current GC threshold: 21.00 MB
CDS: on
 - commit_granule_bytes: 65536.
 - commit_granule_words: 8192.
 - virtual_space_node_default_size: 8388608.
 - enlarge_chunks_in_place: 1.
 - use_allocation_guard: 0.


Internal statistics:

num_allocs_failed_limit: 0.
num_arena_births: 44.
num_arena_deaths: 0.
num_vsnodes_births: 2.
num_vsnodes_deaths: 0.
num_space_committed: 45.
num_space_uncommitted: 0.
num_chunks_returned_to_freelist: 0.
num_chunks_taken_from_freelist: 106.
num_chunk_merges: 0.
num_chunk_splits: 67.
num_chunks_enlarged: 50.
num_inconsistent_stats: 0.

CodeHeap 'non-profiled nmethods': size=120064Kb used=214Kb max_used=214Kb free=119849Kb
 bounds [0x000001adcfe10000, 0x000001add0080000, 0x000001add7350000]
CodeHeap 'profiled nmethods': size=120000Kb used=964Kb max_used=964Kb free=119036Kb
 bounds [0x000001adc8350000, 0x000001adc85c0000, 0x000001adcf880000]
CodeHeap 'non-nmethods': size=5696Kb used=1440Kb max_used=1456Kb free=4255Kb
 bounds [0x000001adcf880000, 0x000001adcfaf0000, 0x000001adcfe10000]
CodeCache: size=245760Kb, used=2618Kb, max_used=2634Kb, free=243140Kb
 total_blobs=1209, nmethods=755, adapters=360, full_count=0
Compilation: enabled, stopped_count=0, restarted_count=0

Compilation events (20 events):
Event: 0.385 Thread 0x000001addeace710 nmethod 743 0x000001adcfe44708 code [0x000001adcfe44820, 0x000001adcfe448f0]
Event: 0.385 Thread 0x000001addeace710  750       3       jdk.internal.ref.PhantomCleanable::clean (16 bytes)
Event: 0.385 Thread 0x000001addeace710 nmethod 750 0x000001adc843dc08 code [0x000001adc843dd60, 0x000001adc843e040]
Event: 0.385 Thread 0x000001addeace710  751       3       jdk.internal.ref.CleanerImpl$PhantomCleanableRef::performCleanup (10 bytes)
Event: 0.385 Thread 0x000001addeace710 nmethod 751 0x000001adc843e088 code [0x000001adc843e1a0, 0x000001adc843e380]
Event: 0.385 Thread 0x000001addeace710  752   !   3       java.util.zip.ZipFile::getInputStream (275 bytes)
Event: 0.386 Thread 0x000001addeace710 nmethod 752 0x000001adc843e408 code [0x000001adc843e680, 0x000001adc843fa18]
Event: 0.386 Thread 0x000001addeace710  753       3       java.util.zip.ZipFile$ZipFileInputStream::<init> (96 bytes)
Event: 0.386 Thread 0x000001addeace710 nmethod 753 0x000001adc843fa88 code [0x000001adc843fc40, 0x000001adc8440658]
Event: 0.386 Thread 0x000001addeace710  754       3       java.util.zip.ZipFile$ZipFileInflaterInputStream::fill (80 bytes)
Event: 0.386 Thread 0x000001addeace710 nmethod 754 0x000001adc8440708 code [0x000001adc8440860, 0x000001adc8440c58]
Event: 0.387 Thread 0x000001addeace710  756       3       sun.net.www.protocol.file.Handler::parseURL (18 bytes)
Event: 0.387 Thread 0x000001addeace710 nmethod 756 0x000001adc8440c88 code [0x000001adc8440dc0, 0x000001adc8440f80]
Event: 0.387 Thread 0x000001addeace710  757       3       java.net.URLStreamHandler::parseURL (1124 bytes)
Event: 0.389 Thread 0x000001addeacd9c0 nmethod 747 0x000001adcfe44a08 code [0x000001adcfe44bc0, 0x000001adcfe45458]
Event: 0.389 Thread 0x000001addeacd9c0  755       4       java.util.zip.ZipUtils::CENEXT (9 bytes)
Event: 0.389 Thread 0x000001addeacd9c0 nmethod 755 0x000001adcfe45508 code [0x000001adcfe45600, 0x000001adcfe456e0]
Event: 0.389 Thread 0x000001addeacd9c0  749       4       java.util.zip.ZipFile::ensureOpen (40 bytes)
Event: 0.390 Thread 0x000001addeacd9c0 nmethod 749 0x000001adcfe45808 code [0x000001adcfe45900, 0x000001adcfe459d0]
Event: 0.390 Thread 0x000001addeacd9c0  748   !   4       java.util.zip.ZipFile::getEntry (59 bytes)

GC Heap History (0 events):
No events

Dll operation events (8 events):
Event: 0.013 Loaded shared library C:\PROGRA~1\Java\jdk-23\bin\java.dll
Event: 0.076 Loaded shared library C:\PROGRA~1\Java\jdk-23\bin\jsvml.dll
Event: 0.088 Loaded shared library C:\Program Files\Java\jdk-23\bin\net.dll
Event: 0.092 Loaded shared library C:\Program Files\Java\jdk-23\bin\nio.dll
Event: 0.099 Loaded shared library C:\Program Files\Java\jdk-23\bin\zip.dll
Event: 0.251 Loaded shared library C:\Program Files\Java\jdk-23\bin\jimage.dll
Event: 0.254 Loaded shared library C:\Program Files\Apache\apache-maven-3.9.9\lib\jansi-native\Windows\x86_64\jansi.dll
Event: 0.269 Loaded shared library C:\PROGRA~1\Java\jdk-23\bin\verify.dll

Deoptimization events (20 events):
Event: 0.196 Thread 0x000001adbfc5b8b0 DEOPT PACKING pc=0x000001adc8383841 sp=0x000000187a2f9d10
Event: 0.196 Thread 0x000001adbfc5b8b0 DEOPT UNPACKING pc=0x000001adcf8d84c2 sp=0x000000187a2f9180 mode 0
Event: 0.224 Thread 0x000001adbfc5b8b0 DEOPT PACKING pc=0x000001adc8383841 sp=0x000000187a2fa280
Event: 0.224 Thread 0x000001adbfc5b8b0 DEOPT UNPACKING pc=0x000001adcf8d84c2 sp=0x000000187a2f96f0 mode 0
Event: 0.228 Thread 0x000001adbfc5b8b0 Uncommon trap: trap_request=0xffffff45 fr.pc=0x000001adcfe252e0 relative=0x0000000000000060
Event: 0.228 Thread 0x000001adbfc5b8b0 Uncommon trap: reason=unstable_if action=reinterpret pc=0x000001adcfe252e0 method=java.io.WinNTFileSystem.isSlash(C)Z @ 9 c2
Event: 0.228 Thread 0x000001adbfc5b8b0 DEOPT PACKING pc=0x000001adcfe252e0 sp=0x000000187a2fe570
Event: 0.228 Thread 0x000001adbfc5b8b0 DEOPT UNPACKING pc=0x000001adcf8d7982 sp=0x000000187a2fe4f8 mode 2
Event: 0.380 Thread 0x000001adbfc5b8b0 Uncommon trap: trap_request=0xffffff45 fr.pc=0x000001adcfe24f54 relative=0x0000000000000514
Event: 0.380 Thread 0x000001adbfc5b8b0 Uncommon trap: reason=unstable_if action=reinterpret pc=0x000001adcfe24f54 method=java.lang.StringLatin1.canEncode(C)Z @ 4 c2
Event: 0.380 Thread 0x000001adbfc5b8b0 DEOPT PACKING pc=0x000001adcfe24f54 sp=0x000000187a2fe1a0
Event: 0.380 Thread 0x000001adbfc5b8b0 DEOPT UNPACKING pc=0x000001adcf8d7982 sp=0x000000187a2fe0d0 mode 2
Event: 0.380 Thread 0x000001adbfc5b8b0 Uncommon trap: trap_request=0xffffff45 fr.pc=0x000001adcfe381a4 relative=0x00000000000004e4
Event: 0.380 Thread 0x000001adbfc5b8b0 Uncommon trap: reason=unstable_if action=reinterpret pc=0x000001adcfe381a4 method=java.lang.AbstractStringBuilder.isLatin1()Z @ 10 c2
Event: 0.380 Thread 0x000001adbfc5b8b0 DEOPT PACKING pc=0x000001adcfe381a4 sp=0x000000187a2fe1c0
Event: 0.380 Thread 0x000001adbfc5b8b0 DEOPT UNPACKING pc=0x000001adcf8d7982 sp=0x000000187a2fe150 mode 2
Event: 0.381 Thread 0x000001adbfc5b8b0 Uncommon trap: trap_request=0xffffff45 fr.pc=0x000001adcfe376dc relative=0x000000000000005c
Event: 0.381 Thread 0x000001adbfc5b8b0 Uncommon trap: reason=unstable_if action=reinterpret pc=0x000001adcfe376dc method=java.lang.AbstractStringBuilder.isLatin1()Z @ 10 c2
Event: 0.381 Thread 0x000001adbfc5b8b0 DEOPT PACKING pc=0x000001adcfe376dc sp=0x000000187a2fe1c0
Event: 0.381 Thread 0x000001adbfc5b8b0 DEOPT UNPACKING pc=0x000001adcf8d7982 sp=0x000000187a2fe150 mode 2

Classes loaded (20 events):
Event: 0.345 Loading class java/util/concurrent/locks/ReentrantReadWriteLock$Sync done
Event: 0.345 Loading class java/util/concurrent/locks/ReentrantReadWriteLock$NonfairSync done
Event: 0.345 Loading class java/util/concurrent/locks/ReentrantReadWriteLock$Sync$ThreadLocalHoldCounter
Event: 0.345 Loading class java/util/concurrent/locks/ReentrantReadWriteLock$Sync$ThreadLocalHoldCounter done
Event: 0.345 Loading class java/util/concurrent/locks/ReentrantReadWriteLock$ReadLock
Event: 0.345 Loading class java/util/concurrent/locks/ReentrantReadWriteLock$ReadLock done
Event: 0.345 Loading class java/util/concurrent/locks/ReentrantReadWriteLock$WriteLock
Event: 0.345 Loading class java/util/concurrent/locks/ReentrantReadWriteLock$WriteLock done
Event: 0.347 Loading class java/text/ParseException
Event: 0.347 Loading class java/text/ParseException done
Event: 0.356 Loading class sun/util/calendar/ZoneInfoFile$Checksum
Event: 0.357 Loading class sun/util/calendar/ZoneInfoFile$Checksum done
Event: 0.359 Loading class jdk/internal/module/ModulePatcher$PatchedModuleReader
Event: 0.359 Loading class jdk/internal/module/ModulePatcher$PatchedModuleReader done
Event: 0.360 Loading class sun/net/www/protocol/jrt/Handler
Event: 0.360 Loading class sun/net/www/protocol/jrt/Handler done
Event: 0.377 Loading class sun/text/resources/cldr/FormatData_en
Event: 0.378 Loading class sun/text/resources/cldr/FormatData_en done
Event: 0.378 Loading class sun/text/resources/cldr/FormatData_en_US
Event: 0.378 Loading class sun/text/resources/cldr/FormatData_en_US done

Classes unloaded (0 events):
No events

Classes redefined (0 events):
No events

Internal exceptions (16 events):
Event: 0.133 Thread 0x000001adbfc5b8b0 Exception <a 'java/lang/NoSuchMethodError'{0x0000000714621ea8}: 'int java.lang.invoke.DirectMethodHandle$Holder.invokeSpecial(java.lang.Object, java.lang.Object, java.lang.Object)'> (0x0000000714621ea8) 
thrown [s\open\src\hotspot\share\interpreter\linkResolver.cpp, line 796]
Event: 0.233 Thread 0x000001adbfc5b8b0 Exception <a 'java/lang/NoSuchMethodError'{0x000000071444f460}: 'java.lang.Object java.lang.invoke.Invokers$Holder.invokeExact_MT(java.lang.Object, java.lang.Object, java.lang.Object, java.lang.Object, java.lang.Object)'> (0x000000071444f460) 
thrown [s\open\src\hotspot\share\interpreter\linkResolver.cpp, line 796]
Event: 0.244 Thread 0x000001adbfc5b8b0 Exception <a 'java/lang/NullPointerException'{0x00000007144a9650}> (0x00000007144a9650) 
thrown [s\open\src\hotspot\share\interpreter\linkResolver.cpp, line 1389]
Event: 0.257 Thread 0x000001adbfc5b8b0 Exception <a 'java/lang/NoSuchMethodError'{0x00000007144cea98}: 'void java.lang.invoke.DirectMethodHandle$Holder.invokeStatic(java.lang.Object, long, java.lang.Object)'> (0x00000007144cea98) 
thrown [s\open\src\hotspot\share\interpreter\linkResolver.cpp, line 796]
Event: 0.258 Thread 0x000001adbfc5b8b0 Exception <a 'java/lang/NoSuchMethodError'{0x00000007144d4460}: 'java.lang.Object java.lang.invoke.DirectMethodHandle$Holder.newInvokeSpecial(java.lang.Object, long, java.lang.Object)'> (0x00000007144d4460) 
thrown [s\open\src\hotspot\share\interpreter\linkResolver.cpp, line 796]
Event: 0.259 Thread 0x000001adbfc5b8b0 Exception <a 'java/lang/NullPointerException'{0x00000007144dff50}> (0x00000007144dff50) 
thrown [s\open\src\hotspot\share\interpreter\linkResolver.cpp, line 1389]
Event: 0.259 Thread 0x000001adbfc5b8b0 Exception <a 'java/lang/NullPointerException'{0x00000007144e0230}> (0x00000007144e0230) 
thrown [s\open\src\hotspot\share\interpreter\linkResolver.cpp, line 1389]
Event: 0.259 Thread 0x000001adbfc5b8b0 Exception <a 'java/lang/NullPointerException'{0x00000007144e0510}> (0x00000007144e0510) 
thrown [s\open\src\hotspot\share\interpreter\linkResolver.cpp, line 1389]
Event: 0.260 Thread 0x000001adbfc5b8b0 Exception <a 'java/lang/NullPointerException'{0x00000007144e60b8}> (0x00000007144e60b8) 
thrown [s\open\src\hotspot\share\interpreter\linkResolver.cpp, line 1389]
Event: 0.261 Thread 0x000001adbfc5b8b0 Exception <a 'java/lang/NullPointerException'{0x00000007144f52f0}> (0x00000007144f52f0) 
thrown [s\open\src\hotspot\share\interpreter\linkResolver.cpp, line 1389]
Event: 0.261 Thread 0x000001adbfc5b8b0 Exception <a 'java/lang/NullPointerException'{0x00000007144f55d0}> (0x00000007144f55d0) 
thrown [s\open\src\hotspot\share\interpreter\linkResolver.cpp, line 1389]
Event: 0.261 Thread 0x000001adbfc5b8b0 Exception <a 'java/lang/NullPointerException'{0x00000007144f58b0}> (0x00000007144f58b0) 
thrown [s\open\src\hotspot\share\interpreter\linkResolver.cpp, line 1389]
Event: 0.261 Thread 0x000001adbfc5b8b0 Exception <a 'java/lang/NullPointerException'{0x0000000714574c58}> (0x0000000714574c58) 
thrown [s\open\src\hotspot\share\interpreter\linkResolver.cpp, line 1389]
Event: 0.275 Thread 0x000001adbfc5b8b0 Exception <a 'java/lang/NoSuchMethodError'{0x00000007145ea700}: 'void java.lang.invoke.DirectMethodHandle$Holder.invokeStatic(java.lang.Object, java.lang.Object)'> (0x00000007145ea700) 
thrown [s\open\src\hotspot\share\interpreter\linkResolver.cpp, line 796]
Event: 0.275 Thread 0x000001adbfc5b8b0 Exception <a 'java/lang/NoSuchMethodError'{0x00000007145edb18}: 'void java.lang.invoke.DirectMethodHandle$Holder.invokeStaticInit(java.lang.Object, java.lang.Object)'> (0x00000007145edb18) 
thrown [s\open\src\hotspot\share\interpreter\linkResolver.cpp, line 796]
Event: 0.331 Thread 0x000001adbfc5b8b0 Exception <a 'java/lang/NoSuchMethodError'{0x000000071438df08}: 'java.lang.Object java.lang.invoke.DirectMethodHandle$Holder.invokeSpecialIFC(java.lang.Object, java.lang.Object, java.lang.Object, java.lang.Object)'> (0x000000071438df08) 
thrown [s\open\src\hotspot\share\interpreter\linkResolver.cpp, line 796]

VM Operations (6 events):
Event: 0.100 Executing VM operation: HandshakeAllThreads (Deoptimize)
Event: 0.100 Executing VM operation: HandshakeAllThreads (Deoptimize) done
Event: 0.243 Executing VM operation: HandshakeAllThreads (Deoptimize)
Event: 0.243 Executing VM operation: HandshakeAllThreads (Deoptimize) done
Event: 0.255 Executing VM operation: HandshakeAllThreads (Deoptimize)
Event: 0.255 Executing VM operation: HandshakeAllThreads (Deoptimize) done

Memory protections (0 events):
No events

Nmethod flushes (0 events):
No events

Events (13 events):
Event: 0.043 Thread 0x000001adbfc5b8b0 Thread added: 0x000001adbfc5b8b0
Event: 0.067 Thread 0x000001adbfc5b8b0 Thread added: 0x000001addf136300
Event: 0.067 Thread 0x000001adbfc5b8b0 Thread added: 0x000001addf139220
Event: 0.068 Thread 0x000001adbfc5b8b0 Thread added: 0x000001addeac92a0
Event: 0.068 Thread 0x000001adbfc5b8b0 Thread added: 0x000001addeac9d00
Event: 0.068 Thread 0x000001adbfc5b8b0 Thread added: 0x000001addeacae10
Event: 0.068 Thread 0x000001adbfc5b8b0 Thread added: 0x000001addeacc0a0
Event: 0.068 Thread 0x000001adbfc5b8b0 Thread added: 0x000001addeacd9c0
Event: 0.068 Thread 0x000001adbfc5b8b0 Thread added: 0x000001addeace710
Event: 0.081 Thread 0x000001adbfc5b8b0 Thread added: 0x000001addf2abc40
Event: 0.084 Thread 0x000001adbfc5b8b0 Thread added: 0x000001addf2afb10
Event: 0.248 Thread 0x000001adbfc5b8b0 Thread added: 0x000001addf7ed130
Event: 0.259 Thread 0x000001addf7ed130 Thread exited: 0x000001addf7ed130


Dynamic libraries:
0x00007ff736860000 - 0x00007ff736870000 	C:\PROGRA~1\Java\jdk-23\bin\java.exe
0x00007ffffa990000 - 0x00007ffffaba7000 	C:\WINDOWS\SYSTEM32\ntdll.dll
0x00007ffff9820000 - 0x00007ffff98e4000 	C:\WINDOWS\System32\KERNEL32.DLL
0x00007ffff82d0000 - 0x00007ffff8687000 	C:\WINDOWS\System32\KERNELBASE.dll
0x00007ffff7a70000 - 0x00007ffff7bbc000 	C:\Windows\system32\hmpalert.dll
0x00007ffff7d70000 - 0x00007ffff7e81000 	C:\WINDOWS\System32\ucrtbase.dll
0x00007fffcc410000 - 0x00007fffcc427000 	C:\PROGRA~1\Java\jdk-23\bin\jli.dll
0x00007ffff9a50000 - 0x00007ffff9bff000 	C:\WINDOWS\System32\USER32.dll
0x00007ffff7ca0000 - 0x00007ffff7cc6000 	C:\WINDOWS\System32\win32u.dll
0x00007ffffa670000 - 0x00007ffffa699000 	C:\WINDOWS\System32\GDI32.dll
0x00007ffff8040000 - 0x00007ffff8158000 	C:\WINDOWS\System32\gdi32full.dll
0x00007ffff7cd0000 - 0x00007ffff7d6a000 	C:\WINDOWS\System32\msvcp_win.dll
0x00007fffcc1d0000 - 0x00007fffcc1eb000 	C:\PROGRA~1\Java\jdk-23\bin\VCRUNTIME140.dll
0x00007fffccd00000 - 0x00007fffccf93000 	C:\WINDOWS\WinSxS\amd64_microsoft.windows.common-controls_6595b64144ccf1df_6.0.22621.3672_none_2713b9d173822955\COMCTL32.dll
0x00007ffff8870000 - 0x00007ffff8917000 	C:\WINDOWS\System32\msvcrt.dll
0x00007ffff8e90000 - 0x00007ffff8ec1000 	C:\WINDOWS\System32\IMM32.DLL
0x00007fffcb820000 - 0x00007fffcb981000 	C:\Program Files (x86)\Citrix\ICA Client\ctxapclient64.dll
0x00007ffff8690000 - 0x00007ffff86b8000 	C:\WINDOWS\System32\bcrypt.dll
0x00007ffffa270000 - 0x00007ffffa5fe000 	C:\WINDOWS\System32\combase.dll
0x00007ffffa6a0000 - 0x00007ffffa7b4000 	C:\WINDOWS\System32\RPCRT4.dll
0x00007fffeaad0000 - 0x00007fffeaada000 	C:\WINDOWS\SYSTEM32\VERSION.dll
0x00007ffffa1b0000 - 0x00007ffffa262000 	C:\WINDOWS\System32\ADVAPI32.dll
0x00007ffffa7f0000 - 0x00007ffffa898000 	C:\WINDOWS\System32\sechost.dll
0x00007ffff6cc0000 - 0x00007ffff6cf4000 	C:\WINDOWS\SYSTEM32\ntmarta.dll
0x00007ffff7fc0000 - 0x00007ffff803b000 	C:\WINDOWS\System32\bcryptprimitives.dll
0x00007fffc01a0000 - 0x00007fffc01d9000 	C:\Program Files (x86)\Citrix\ICA Client\Receiver\FeatureFlagHelper64.dll
0x00007fffd37d0000 - 0x00007fffd37dc000 	C:\PROGRA~1\Java\jdk-23\bin\vcruntime140_1.dll
0x00007fffbc980000 - 0x00007fffbca0e000 	C:\PROGRA~1\Java\jdk-23\bin\msvcp140.dll
0x00007fff70390000 - 0x00007fff710df000 	C:\PROGRA~1\Java\jdk-23\bin\server\jvm.dll
0x00007ffff8e10000 - 0x00007ffff8e81000 	C:\WINDOWS\System32\WS2_32.dll
0x00007ffff7870000 - 0x00007ffff78bd000 	C:\WINDOWS\SYSTEM32\POWRPROF.dll
0x00007fffeadd0000 - 0x00007fffeae04000 	C:\WINDOWS\SYSTEM32\WINMM.dll
0x00007ffff7850000 - 0x00007ffff7863000 	C:\WINDOWS\SYSTEM32\UMPDC.dll
0x00007ffff6a70000 - 0x00007ffff6a88000 	C:\WINDOWS\SYSTEM32\kernel.appcore.dll
0x00007fffd0a00000 - 0x00007fffd0a0a000 	C:\PROGRA~1\Java\jdk-23\bin\jimage.dll
0x00007ffff5090000 - 0x00007ffff52c2000 	C:\WINDOWS\SYSTEM32\DBGHELP.DLL
0x00007ffff8920000 - 0x00007ffff89f7000 	C:\WINDOWS\System32\OLEAUT32.dll
0x00007fffe6ad0000 - 0x00007fffe6b02000 	C:\WINDOWS\SYSTEM32\dbgcore.DLL
0x00007fffcc0f0000 - 0x00007fffcc10e000 	C:\PROGRA~1\Java\jdk-23\bin\java.dll
0x000001adbf400000 - 0x000001adbf5a5000 	C:\WINDOWS\System32\ole32.dll
0x00007ffff8fb0000 - 0x00007ffff9819000 	C:\WINDOWS\System32\SHELL32.dll
0x00007ffff58a0000 - 0x00007ffff619f000 	C:\WINDOWS\SYSTEM32\windows.storage.dll
0x00007ffff5760000 - 0x00007ffff589f000 	C:\WINDOWS\SYSTEM32\wintypes.dll
0x000001addf530000 - 0x000001addf629000 	C:\WINDOWS\System32\SHCORE.dll
0x00007ffffa600000 - 0x00007ffffa65e000 	C:\WINDOWS\System32\shlwapi.dll
0x00007ffff7bd0000 - 0x00007ffff7bf7000 	C:\WINDOWS\SYSTEM32\profapi.dll
0x00007fffa4a00000 - 0x00007fffa4ad7000 	C:\PROGRA~1\Java\jdk-23\bin\jsvml.dll
0x00007fffd0970000 - 0x00007fffd0980000 	C:\Program Files\Java\jdk-23\bin\net.dll
0x00007ffff7010000 - 0x00007ffff7079000 	C:\WINDOWS\system32\mswsock.dll
0x00007fffcbb40000 - 0x00007fffcbb56000 	C:\Program Files\Java\jdk-23\bin\nio.dll
0x00007fffcb630000 - 0x00007fffcb647000 	C:\Program Files\Java\jdk-23\bin\zip.dll
0x00007fffc4950000 - 0x00007fffc4974000 	C:\Program Files\Apache\apache-maven-3.9.9\lib\jansi-native\Windows\x86_64\jansi.dll
0x00007fffcca30000 - 0x00007fffcca40000 	C:\PROGRA~1\Java\jdk-23\bin\verify.dll

dbghelp: loaded successfully - version: 4.0.5 - missing functions: none
symbol engine: initialized successfully - sym options: 0x614 - pdb path: .;C:\PROGRA~1\Java\jdk-23\bin;C:\WINDOWS\SYSTEM32;C:\WINDOWS\WinSxS\amd64_microsoft.windows.common-controls_6595b64144ccf1df_6.0.22621.3672_none_2713b9d173822955;C:\Program Files (x86)\Citrix\ICA Client;C:\Program Files (x86)\Citrix\ICA Client\Receiver;C:\PROGRA~1\Java\jdk-23\bin\server;C:\Program Files\Java\jdk-23\bin;C:\Program Files\Apache\apache-maven-3.9.9\lib\jansi-native\Windows\x86_64

VM Arguments:
jvm_args: -Dclassworlds.conf=C:\PROGRA~1\Apache\apache-maven-3.9.9\bin\m2.conf -Dmaven.home=C:\PROGRA~1\Apache\apache-maven-3.9.9 -Dlibrary.jansi.path=C:\PROGRA~1\Apache\apache-maven-3.9.9\lib\jansi-native -Dmaven.multiModuleProjectDirectory=D:\Khaled\Me\Projects\servicediscovery 
java_command: org.codehaus.plexus.classworlds.launcher.Launcher clean install
java_class_path (initial): C:\PROGRA~1\Apache\apache-maven-3.9.9\boot\plexus-classworlds-2.8.0.jar
Launcher Type: SUN_STANDARD

[Global flags]
     intx CICompilerCount                          = 4                                         {product} {ergonomic}
     uint ConcGCThreads                            = 2                                         {product} {ergonomic}
     uint G1ConcRefinementThreads                  = 8                                         {product} {ergonomic}
   size_t G1HeapRegionSize                         = 2097152                                   {product} {ergonomic}
   size_t InitialHeapSize                          = 264241152                                 {product} {ergonomic}
   size_t MarkStackSize                            = 4194304                                   {product} {ergonomic}
   size_t MarkStackSizeMax                         = 536870912                                 {product} {ergonomic}
   size_t MaxHeapSize                              = 4213178368                                {product} {ergonomic}
   size_t MaxNewSize                               = 2527068160                                {product} {ergonomic}
   size_t MinHeapDeltaBytes                        = 2097152                                   {product} {ergonomic}
   size_t MinHeapSize                              = 8388608                                   {product} {ergonomic}
    uintx NonNMethodCodeHeapSize                   = 5832704                                {pd product} {ergonomic}
    uintx NonProfiledCodeHeapSize                  = 122945536                              {pd product} {ergonomic}
    uintx ProfiledCodeHeapSize                     = 122880000                              {pd product} {ergonomic}
    uintx ReservedCodeCacheSize                    = 251658240                              {pd product} {ergonomic}
     bool SegmentedCodeCache                       = true                                      {product} {ergonomic}
   size_t SoftMaxHeapSize                          = 4213178368                             {manageable} {ergonomic}
     bool UseCompressedOops                        = true                           {product lp64_product} {ergonomic}
     bool UseG1GC                                  = true                                      {product} {ergonomic}
     bool UseLargePagesIndividualAllocation        = false                                  {pd product} {ergonomic}

Logging:
Log output configuration:
 #0: stdout all=warning uptime,level,tags foldmultilines=false
 #1: stderr all=off uptime,level,tags foldmultilines=false

Environment Variables:
JAVA_HOME=C:\PROGRA~1\Java\jdk-23
CLASSPATH=C:\PROGRA~1\Java\jdk-23\lib;C:\PROGRA~1\Java\jdk-23\jre\lib
PATH=C:\Program Files\Common Files\Oracle\Java\javapath;C:\Program Files (x86)\Common Files\Oracle\Java\javapath;C:\WINDOWS\system32;C:\WINDOWS;C:\WINDOWS\System32\Wbem;C:\WINDOWS\System32\WindowsPowerShell\v1.0\;C:\WINDOWS\System32\OpenSSH\;C:\Program Files (x86)\Sennheiser\SoftphoneSDK\;C:\Program Files (x86)\Microsoft SQL Server\160\DTS\Binn\;C:\Program Files\Azure Data Studio\bin;C:\Program Files\TortoiseGit\bin;C:\Program Files\PuTTY\;C:\Program Files\Docker\Docker\resources\bin;C:\Program Files\Utimaco\SecurityServer\Lib\;C:\Program Files\Utimaco\SecurityServer\Administration\;%NVM_HOME%;%NVM_SYMLINK%;C:\Users\khaled_soliman\AppData\Local\Microsoft\WindowsApps;C:\PROGRA~1\Azure Data Studio\bin;C:\Users\khaled_soliman\AppData\Local\Programs\Git\cmd;C:\PROGRA~1\Apache\apache-maven-3.9.9\bin;C:\PROGRA~1\Java\jdk-23\bin;C:\PROGRA~1\Apache\apache-ant-1.9.16-bin\apache-ant-1.9.16\bin;D:\IDEs\PhpStorm 2024.3\bin;;D:\IDEs\Microsoft VS Code\bin;D:\nvm;D:\nvm\v14.8.0;D:\nvm\v14.8.0\;D:\nvm\v14.8.0\node_modules\npm\bin;C:\php;
USERNAME=Khaled_Soliman
OS=Windows_NT
PROCESSOR_IDENTIFIER=Intel64 Family 6 Model 140 Stepping 1, GenuineIntel
TMP=C:\Users\KHALED~1\AppData\Local\Temp
TEMP=C:\Users\KHALED~1\AppData\Local\Temp




Periodic native trim disabled

---------------  S Y S T E M  ---------------

OS:
 Windows 11 , 64 bit Build 22621 (10.0.22621.3958)
OS uptime: 25 days 1:12 hours
Hyper-V role detected

CPU: total 8 (initial active 8) (4 cores per cpu, 2 threads per core) family 6 model 140 stepping 1 microcode 0xb6, cx8, cmov, fxsr, ht, mmx, 3dnowpref, sse, sse2, sse3, ssse3, sse4.1, sse4.2, popcnt, lzcnt, tsc, tscinvbit, avx, avx2, aes, erms, clmul, bmi1, bmi2, adx, avx512f, avx512dq, avx512cd, avx512bw, avx512vl, sha, fma, vzeroupper, avx512_vpopcntdq, avx512_vpclmulqdq, avx512_vaes, avx512_vnni, clflush, clflushopt, clwb, avx512_vbmi2, avx512_vbmi, hv, rdtscp, rdpid, fsrm, gfni, avx512_bitalg, f16c, cet_ibt, cet_ss, avx512_ifma
Processor Information for the first 8 processors :
  Max Mhz: 2803, Current Mhz: 2803, Mhz Limit: 2803

Memory: 4k page, system-wide physical 16064M (499M free)
TotalPageFile size 35164M (AvailPageFile size 0M)
current process WorkingSet (physical memory assigned to process): 60M, peak: 60M
current process commit charge ("private bytes"): 350M, peak: 350M

vm_info: Java HotSpot(TM) 64-Bit Server VM (23.0.1+11-39) for windows-amd64 JRE (23.0.1+11-39), built on 2024-09-30T07:20:43Z with MS VC++ 17.6 (VS2022)

END.
